[2022-01-19 06:24:31,109] [RandAugment] [INFO] {
    "model": {
        "type": "wresnet28_10"
    },
    "dataset": "cifar10",
    "aug": "rwaug_t",
    "rwaug": {
        "n": 2
    },
    "cutout": 16,
    "batch": 128,
    "epoch": 200,
    "lr": 0.1,
    "lr_schedule": {
        "type": "cosine"
    },
    "optimizer": {
        "type": "sgd",
        "nesterov": true,
        "decay": 0.0005
    },
    "_version": 1,
    "config": [
        "confs/wresnet28x10_cifar10_b128_rwaug.yaml"
    ],
    "tag": "1",
    "dataroot": "../data/",
    "save": "wresnet_cifar10_new_search2_bs1.pth",
    "rf": 2.0,
    "cv": 0,
    "mul": 1,
    "sqrt": 1,
    "load": {
        "tp": "wresnet_cifar10_new_search_smoothed.npy"
    },
    "only": {
        "eval": false
    }
}
[2022-01-19 06:24:37,279] [RandAugment] [INFO] "wresnet_cifar10_new_search2_bs1.pth" file not found. skip to pretrain weights...
[2022-01-19 06:25:58,550] [RandAugment] [INFO] [train 001/200] {'loss': 1.9674550887865898, 'top1': 0.26674679487179487, 'top5': 0.7623798076923077}
[2022-01-19 06:25:59,367] [RandAugment] [INFO] [valid 001/200] {}
[2022-01-19 06:26:05,447] [RandAugment] [INFO] [*test 001/200] {'loss': 1.7133352798461914, 'top1': 0.3748, 'top5': 0.8808}
[2022-01-19 06:26:05,450] [RandAugment] [INFO] save model@1 to wresnet_cifar10_new_search2_bs1.pth
[2022-01-19 06:27:25,449] [RandAugment] [INFO] [train 002/200] {'loss': 1.6906083531868763, 'top1': 0.3806690705128205, 'top5': 0.8206530448717949}
[2022-01-19 06:27:26,265] [RandAugment] [INFO] [valid 002/200] {}
[2022-01-19 06:27:32,218] [RandAugment] [INFO] [*test 002/200] {'loss': 1.1631426431655885, 'top1': 0.5755, 'top5': 0.9582}
[2022-01-19 06:27:32,219] [RandAugment] [INFO] save model@2 to wresnet_cifar10_new_search2_bs1.pth
[2022-01-19 06:28:54,102] [RandAugment] [INFO] [train 003/200] {'loss': 1.5708235826247778, 'top1': 0.4299278846153846, 'top5': 0.83828125}
[2022-01-19 06:28:54,963] [RandAugment] [INFO] [valid 003/200] {}
[2022-01-19 06:29:00,981] [RandAugment] [INFO] [*test 003/200] {'loss': 1.1983078531265259, 'top1': 0.5797, 'top5': 0.9561}
[2022-01-19 06:29:00,982] [RandAugment] [INFO] save model@3 to wresnet_cifar10_new_search2_bs1.pth
[2022-01-19 06:30:22,958] [RandAugment] [INFO] [train 004/200] {'loss': 1.4676446514251904, 'top1': 0.47107371794871794, 'top5': 0.8548076923076923}
[2022-01-19 06:30:23,773] [RandAugment] [INFO] [valid 004/200] {}
[2022-01-19 06:30:29,759] [RandAugment] [INFO] [*test 004/200] {'loss': 1.0136051071166992, 'top1': 0.6529, 'top5': 0.9712}
[2022-01-19 06:30:29,760] [RandAugment] [INFO] save model@4 to wresnet_cifar10_new_search2_bs1.pth
[2022-01-19 06:31:51,692] [RandAugment] [INFO] [train 005/200] {'loss': 1.4105817357699075, 'top1': 0.4890224358974359, 'top5': 0.8641426282051282}
[2022-01-19 06:31:52,528] [RandAugment] [INFO] [valid 005/200] {}
[2022-01-19 06:31:58,674] [RandAugment] [INFO] [*test 005/200] {'loss': 0.9703194017410278, 'top1': 0.6651, 'top5': 0.9743}
[2022-01-19 06:31:58,676] [RandAugment] [INFO] save model@5 to wresnet_cifar10_new_search2_bs1.pth
[2022-01-19 06:33:20,738] [RandAugment] [INFO] [train 006/200] {'loss': 1.368027215431898, 'top1': 0.5073717948717948, 'top5': 0.8655849358974359}
[2022-01-19 06:33:21,571] [RandAugment] [INFO] [valid 006/200] {}
[2022-01-19 06:33:27,591] [RandAugment] [INFO] [*test 006/200] {'loss': 1.558498208618164, 'top1': 0.5381, 'top5': 0.9504}
[2022-01-19 06:34:47,264] [RandAugment] [INFO] [train 007/200] {'loss': 1.3206959162002956, 'top1': 0.5251602564102564, 'top5': 0.8700921474358975}
[2022-01-19 06:34:48,128] [RandAugment] [INFO] [valid 007/200] {}
[2022-01-19 06:34:54,188] [RandAugment] [INFO] [*test 007/200] {'loss': 0.985721665096283, 'top1': 0.649, 'top5': 0.9738}
[2022-01-19 06:36:14,870] [RandAugment] [INFO] [train 008/200] {'loss': 1.275562091362782, 'top1': 0.5423677884615384, 'top5': 0.875761217948718}
[2022-01-19 06:36:15,743] [RandAugment] [INFO] [valid 008/200] {}
[2022-01-19 06:36:21,790] [RandAugment] [INFO] [*test 008/200] {'loss': 0.8836384900093078, 'top1': 0.6991, 'top5': 0.9745}
[2022-01-19 06:36:21,791] [RandAugment] [INFO] save model@8 to wresnet_cifar10_new_search2_bs1.pth
[2022-01-19 06:37:43,789] [RandAugment] [INFO] [train 009/200] {'loss': 1.2367296625406314, 'top1': 0.5563701923076924, 'top5': 0.8781850961538461}
[2022-01-19 06:37:44,584] [RandAugment] [INFO] [valid 009/200] {}
[2022-01-19 06:37:50,539] [RandAugment] [INFO] [*test 009/200] {'loss': 1.035177621936798, 'top1': 0.6557, 'top5': 0.9588}
[2022-01-19 06:39:10,048] [RandAugment] [INFO] [train 010/200] {'loss': 1.2111602064890739, 'top1': 0.5646834935897436, 'top5': 0.8807491987179488}
[2022-01-19 06:39:10,859] [RandAugment] [INFO] [valid 010/200] {}
[2022-01-19 06:39:16,797] [RandAugment] [INFO] [*test 010/200] {'loss': 0.9665615935325622, 'top1': 0.6839, 'top5': 0.9671}
[2022-01-19 06:40:36,407] [RandAugment] [INFO] [train 011/200] {'loss': 1.1902803196356846, 'top1': 0.5740384615384615, 'top5': 0.8826923076923077}
[2022-01-19 06:40:37,232] [RandAugment] [INFO] [valid 011/200] {}
[2022-01-19 06:40:43,212] [RandAugment] [INFO] [*test 011/200] {'loss': 1.1558200932502747, 'top1': 0.6487, 'top5': 0.9708}
[2022-01-19 06:42:02,826] [RandAugment] [INFO] [train 012/200] {'loss': 1.1735439700958057, 'top1': 0.5767227564102564, 'top5': 0.885136217948718}
[2022-01-19 06:42:03,645] [RandAugment] [INFO] [valid 012/200] {}
[2022-01-19 06:42:09,620] [RandAugment] [INFO] [*test 012/200] {'loss': 0.7771550476074218, 'top1': 0.7336, 'top5': 0.9808}
[2022-01-19 06:42:09,622] [RandAugment] [INFO] save model@12 to wresnet_cifar10_new_search2_bs1.pth
[2022-01-19 06:43:31,467] [RandAugment] [INFO] [train 013/200] {'loss': 1.1488434571486252, 'top1': 0.5872596153846154, 'top5': 0.8888621794871795}
[2022-01-19 06:43:32,288] [RandAugment] [INFO] [valid 013/200] {}
[2022-01-19 06:43:38,231] [RandAugment] [INFO] [*test 013/200] {'loss': 0.6584877513885498, 'top1': 0.7773, 'top5': 0.9855}
[2022-01-19 06:43:38,233] [RandAugment] [INFO] save model@13 to wresnet_cifar10_new_search2_bs1.pth
[2022-01-19 06:44:59,920] [RandAugment] [INFO] [train 014/200] {'loss': 1.138969955077538, 'top1': 0.5915264423076924, 'top5': 0.8892427884615385}
[2022-01-19 06:45:00,694] [RandAugment] [INFO] [valid 014/200] {}
[2022-01-19 06:45:06,602] [RandAugment] [INFO] [*test 014/200] {'loss': 0.61705509724617, 'top1': 0.7928, 'top5': 0.9883}
[2022-01-19 06:45:06,603] [RandAugment] [INFO] save model@14 to wresnet_cifar10_new_search2_bs1.pth
[2022-01-19 06:46:28,303] [RandAugment] [INFO] [train 015/200] {'loss': 1.1319115641789559, 'top1': 0.595332532051282, 'top5': 0.8907451923076923}
[2022-01-19 06:46:29,084] [RandAugment] [INFO] [valid 015/200] {}
[2022-01-19 06:46:34,960] [RandAugment] [INFO] [*test 015/200] {'loss': 0.8312175298213959, 'top1': 0.7439, 'top5': 0.9748}
[2022-01-19 06:47:54,353] [RandAugment] [INFO] [train 016/200] {'loss': 1.1074160082217974, 'top1': 0.6026842948717949, 'top5': 0.890625}
[2022-01-19 06:47:55,144] [RandAugment] [INFO] [valid 016/200] {}
[2022-01-19 06:48:01,061] [RandAugment] [INFO] [*test 016/200] {'loss': 1.0874998332977295, 'top1': 0.6445, 'top5': 0.9728}
[2022-01-19 06:49:20,438] [RandAugment] [INFO] [train 017/200] {'loss': 1.1034823368757198, 'top1': 0.6047676282051282, 'top5': 0.8943509615384615}
[2022-01-19 06:49:21,194] [RandAugment] [INFO] [valid 017/200] {}
[2022-01-19 06:49:27,104] [RandAugment] [INFO] [*test 017/200] {'loss': 0.7514307713508606, 'top1': 0.7569, 'top5': 0.9833}
[2022-01-19 06:50:46,442] [RandAugment] [INFO] [train 018/200] {'loss': 1.0978232995057717, 'top1': 0.6055689102564102, 'top5': 0.8929086538461538}
[2022-01-19 06:50:47,229] [RandAugment] [INFO] [valid 018/200] {}
[2022-01-19 06:50:53,135] [RandAugment] [INFO] [*test 018/200] {'loss': 0.594246673965454, 'top1': 0.8051, 'top5': 0.9859}
[2022-01-19 06:50:53,136] [RandAugment] [INFO] save model@18 to wresnet_cifar10_new_search2_bs1.pth
[2022-01-19 06:52:14,831] [RandAugment] [INFO] [train 019/200] {'loss': 1.0855785875748365, 'top1': 0.6104567307692308, 'top5': 0.8965144230769231}
[2022-01-19 06:52:15,605] [RandAugment] [INFO] [valid 019/200] {}
[2022-01-19 06:52:21,551] [RandAugment] [INFO] [*test 019/200] {'loss': 0.5262160415887832, 'top1': 0.8201, 'top5': 0.9896}
[2022-01-19 06:52:21,552] [RandAugment] [INFO] save model@19 to wresnet_cifar10_new_search2_bs1.pth
[2022-01-19 06:53:43,396] [RandAugment] [INFO] [train 020/200] {'loss': 1.0703634092440972, 'top1': 0.6182692307692308, 'top5': 0.8957732371794872}
[2022-01-19 06:53:44,225] [RandAugment] [INFO] [valid 020/200] {}
[2022-01-19 06:53:50,187] [RandAugment] [INFO] [*test 020/200] {'loss': 0.5212005893230438, 'top1': 0.8245, 'top5': 0.9919}
[2022-01-19 06:53:50,188] [RandAugment] [INFO] save model@20 to wresnet_cifar10_new_search2_bs1.pth
[2022-01-19 06:55:11,993] [RandAugment] [INFO] [train 021/200] {'loss': 1.0533712659126673, 'top1': 0.622275641025641, 'top5': 0.8999799679487179}
[2022-01-19 06:55:12,816] [RandAugment] [INFO] [valid 021/200] {}
[2022-01-19 06:55:18,758] [RandAugment] [INFO] [*test 021/200] {'loss': 0.5557917236328125, 'top1': 0.8076, 'top5': 0.9884}
[2022-01-19 06:56:38,341] [RandAugment] [INFO] [train 022/200] {'loss': 1.047086488130765, 'top1': 0.6264222756410256, 'top5': 0.8989383012820513}
[2022-01-19 06:56:39,133] [RandAugment] [INFO] [valid 022/200] {}
[2022-01-19 06:56:45,077] [RandAugment] [INFO] [*test 022/200] {'loss': 0.6264654258728027, 'top1': 0.794, 'top5': 0.9851}
[2022-01-19 06:58:04,572] [RandAugment] [INFO] [train 023/200] {'loss': 1.0391613060083145, 'top1': 0.627724358974359, 'top5': 0.8988782051282052}
[2022-01-19 06:58:05,393] [RandAugment] [INFO] [valid 023/200] {}
[2022-01-19 06:58:11,348] [RandAugment] [INFO] [*test 023/200] {'loss': 0.6895596628189087, 'top1': 0.7717, 'top5': 0.9827}
[2022-01-19 06:59:30,898] [RandAugment] [INFO] [train 024/200] {'loss': 1.0304884540729033, 'top1': 0.630088141025641, 'top5': 0.901201923076923}
[2022-01-19 06:59:31,700] [RandAugment] [INFO] [valid 024/200] {}
[2022-01-19 06:59:37,669] [RandAugment] [INFO] [*test 024/200] {'loss': 0.5318529147148132, 'top1': 0.8189, 'top5': 0.9898}
[2022-01-19 07:00:57,154] [RandAugment] [INFO] [train 025/200] {'loss': 1.0337929358849158, 'top1': 0.6308894230769231, 'top5': 0.9003004807692307}
[2022-01-19 07:00:57,958] [RandAugment] [INFO] [valid 025/200] {}
[2022-01-19 07:01:03,883] [RandAugment] [INFO] [*test 025/200] {'loss': 0.5920516850709915, 'top1': 0.8022, 'top5': 0.9881}
[2022-01-19 07:02:23,323] [RandAugment] [INFO] [train 026/200] {'loss': 1.0236144591600467, 'top1': 0.6324118589743589, 'top5': 0.901161858974359}
[2022-01-19 07:02:24,154] [RandAugment] [INFO] [valid 026/200] {}
[2022-01-19 07:02:30,128] [RandAugment] [INFO] [*test 026/200] {'loss': 0.5310257175207138, 'top1': 0.816, 'top5': 0.9922}
[2022-01-19 07:03:49,671] [RandAugment] [INFO] [train 027/200] {'loss': 1.0092246738763957, 'top1': 0.6398838141025641, 'top5': 0.9031650641025641}
[2022-01-19 07:03:50,470] [RandAugment] [INFO] [valid 027/200] {}
[2022-01-19 07:03:56,369] [RandAugment] [INFO] [*test 027/200] {'loss': 0.48836718511581423, 'top1': 0.8363, 'top5': 0.9911}
[2022-01-19 07:03:56,370] [RandAugment] [INFO] save model@27 to wresnet_cifar10_new_search2_bs1.pth
[2022-01-19 07:05:18,254] [RandAugment] [INFO] [train 028/200] {'loss': 1.0137765363240854, 'top1': 0.6367588141025641, 'top5': 0.903485576923077}
[2022-01-19 07:05:19,047] [RandAugment] [INFO] [valid 028/200] {}
[2022-01-19 07:05:24,968] [RandAugment] [INFO] [*test 028/200] {'loss': 0.6370819172859192, 'top1': 0.7885, 'top5': 0.9888}
[2022-01-19 07:06:44,440] [RandAugment] [INFO] [train 029/200] {'loss': 1.0086862654258044, 'top1': 0.6381810897435898, 'top5': 0.903485576923077}
[2022-01-19 07:06:45,233] [RandAugment] [INFO] [valid 029/200] {}
[2022-01-19 07:06:51,170] [RandAugment] [INFO] [*test 029/200] {'loss': 0.546460096359253, 'top1': 0.8095, 'top5': 0.9909}
[2022-01-19 07:08:10,676] [RandAugment] [INFO] [train 030/200] {'loss': 1.0072349695058969, 'top1': 0.6367588141025641, 'top5': 0.9026442307692307}
[2022-01-19 07:08:11,483] [RandAugment] [INFO] [valid 030/200] {}
[2022-01-19 07:08:17,531] [RandAugment] [INFO] [*test 030/200] {'loss': 0.7990333274841308, 'top1': 0.7562, 'top5': 0.9804}
[2022-01-19 07:09:37,100] [RandAugment] [INFO] [train 031/200] {'loss': 0.9830817182858785, 'top1': 0.6493589743589744, 'top5': 0.9046474358974359}
[2022-01-19 07:09:37,898] [RandAugment] [INFO] [valid 031/200] {}
[2022-01-19 07:09:43,808] [RandAugment] [INFO] [*test 031/200] {'loss': 0.6489446737289428, 'top1': 0.7839, 'top5': 0.9894}
[2022-01-19 07:11:03,332] [RandAugment] [INFO] [train 032/200] {'loss': 0.9844669933502491, 'top1': 0.6470753205128205, 'top5': 0.9058092948717948}
[2022-01-19 07:11:04,145] [RandAugment] [INFO] [valid 032/200] {}
[2022-01-19 07:11:10,111] [RandAugment] [INFO] [*test 032/200] {'loss': 0.6264666615486145, 'top1': 0.7963, 'top5': 0.9786}
[2022-01-19 07:12:29,544] [RandAugment] [INFO] [train 033/200] {'loss': 0.9789317711805686, 'top1': 0.6478165064102565, 'top5': 0.905068108974359}
[2022-01-19 07:12:30,339] [RandAugment] [INFO] [valid 033/200] {}
[2022-01-19 07:12:36,275] [RandAugment] [INFO] [*test 033/200] {'loss': 0.6001740036964417, 'top1': 0.7995, 'top5': 0.9916}
[2022-01-19 07:13:55,738] [RandAugment] [INFO] [train 034/200] {'loss': 0.9727287540068993, 'top1': 0.6510616987179487, 'top5': 0.9056490384615384}
[2022-01-19 07:13:56,539] [RandAugment] [INFO] [valid 034/200] {}
[2022-01-19 07:14:02,472] [RandAugment] [INFO] [*test 034/200] {'loss': 0.6689601910114288, 'top1': 0.7846, 'top5': 0.9872}
[2022-01-19 07:15:21,996] [RandAugment] [INFO] [train 035/200] {'loss': 0.968912523984909, 'top1': 0.6529447115384616, 'top5': 0.9059895833333333}
[2022-01-19 07:15:22,840] [RandAugment] [INFO] [valid 035/200] {}
[2022-01-19 07:15:28,890] [RandAugment] [INFO] [*test 035/200] {'loss': 0.49147412033081056, 'top1': 0.8341, 'top5': 0.9911}
[2022-01-19 07:16:48,412] [RandAugment] [INFO] [train 036/200] {'loss': 0.9622755065942422, 'top1': 0.6551482371794872, 'top5': 0.9081530448717948}
[2022-01-19 07:16:49,199] [RandAugment] [INFO] [valid 036/200] {}
[2022-01-19 07:16:55,166] [RandAugment] [INFO] [*test 036/200] {'loss': 0.6706539957523346, 'top1': 0.7743, 'top5': 0.989}
[2022-01-19 07:18:14,638] [RandAugment] [INFO] [train 037/200] {'loss': 0.965239234154041, 'top1': 0.6540264423076924, 'top5': 0.9064302884615385}
[2022-01-19 07:18:15,456] [RandAugment] [INFO] [valid 037/200] {}
[2022-01-19 07:18:21,390] [RandAugment] [INFO] [*test 037/200] {'loss': 0.5303297554969788, 'top1': 0.8227, 'top5': 0.9899}
[2022-01-19 07:19:40,951] [RandAugment] [INFO] [train 038/200] {'loss': 0.9638660488984524, 'top1': 0.6530849358974359, 'top5': 0.907011217948718}
[2022-01-19 07:19:41,756] [RandAugment] [INFO] [valid 038/200] {}
[2022-01-19 07:19:47,656] [RandAugment] [INFO] [*test 038/200] {'loss': 0.6309705711364746, 'top1': 0.8004, 'top5': 0.9846}
[2022-01-19 07:21:07,139] [RandAugment] [INFO] [train 039/200] {'loss': 0.9649684979365423, 'top1': 0.6556089743589744, 'top5': 0.90703125}
[2022-01-19 07:21:07,937] [RandAugment] [INFO] [valid 039/200] {}
[2022-01-19 07:21:13,852] [RandAugment] [INFO] [*test 039/200] {'loss': 0.4785482715606689, 'top1': 0.8387, 'top5': 0.9918}
[2022-01-19 07:21:13,853] [RandAugment] [INFO] save model@39 to wresnet_cifar10_new_search2_bs1.pth
[2022-01-19 07:22:35,512] [RandAugment] [INFO] [train 040/200] {'loss': 0.9442629922658969, 'top1': 0.66171875, 'top5': 0.9094150641025641}
[2022-01-19 07:22:36,339] [RandAugment] [INFO] [valid 040/200] {}
[2022-01-19 07:22:42,272] [RandAugment] [INFO] [*test 040/200] {'loss': 0.5804797323703765, 'top1': 0.8157, 'top5': 0.9932}
[2022-01-19 07:24:01,802] [RandAugment] [INFO] [train 041/200] {'loss': 0.9470772697375371, 'top1': 0.6596754807692308, 'top5': 0.91015625}
[2022-01-19 07:24:02,599] [RandAugment] [INFO] [valid 041/200] {}
[2022-01-19 07:24:08,579] [RandAugment] [INFO] [*test 041/200] {'loss': 0.6178248035430908, 'top1': 0.8028, 'top5': 0.9899}
[2022-01-19 07:25:28,052] [RandAugment] [INFO] [train 042/200] {'loss': 0.9336369612278083, 'top1': 0.6659054487179488, 'top5': 0.9122596153846154}
[2022-01-19 07:25:28,879] [RandAugment] [INFO] [valid 042/200] {}
[2022-01-19 07:25:34,796] [RandAugment] [INFO] [*test 042/200] {'loss': 0.44182241158485414, 'top1': 0.8522, 'top5': 0.9933}
[2022-01-19 07:25:34,797] [RandAugment] [INFO] save model@42 to wresnet_cifar10_new_search2_bs1.pth
[2022-01-19 07:26:56,417] [RandAugment] [INFO] [train 043/200] {'loss': 0.9343467292113182, 'top1': 0.6655448717948718, 'top5': 0.9120392628205128}
[2022-01-19 07:26:57,178] [RandAugment] [INFO] [valid 043/200] {}
[2022-01-19 07:27:03,055] [RandAugment] [INFO] [*test 043/200] {'loss': 0.6764355650901794, 'top1': 0.7839, 'top5': 0.9844}
[2022-01-19 07:28:22,360] [RandAugment] [INFO] [train 044/200] {'loss': 0.9283466166410691, 'top1': 0.6649439102564103, 'top5': 0.9107772435897435}
[2022-01-19 07:28:23,115] [RandAugment] [INFO] [valid 044/200] {}
[2022-01-19 07:28:29,011] [RandAugment] [INFO] [*test 044/200] {'loss': 0.5864649764060974, 'top1': 0.8129, 'top5': 0.9895}
[2022-01-19 07:29:48,367] [RandAugment] [INFO] [train 045/200] {'loss': 0.9243054758279752, 'top1': 0.6696314102564103, 'top5': 0.9108173076923077}
[2022-01-19 07:29:49,122] [RandAugment] [INFO] [valid 045/200] {}
[2022-01-19 07:29:55,005] [RandAugment] [INFO] [*test 045/200] {'loss': 0.5583615237236023, 'top1': 0.817, 'top5': 0.9914}
[2022-01-19 07:31:14,262] [RandAugment] [INFO] [train 046/200] {'loss': 0.9130917561359895, 'top1': 0.6728365384615385, 'top5': 0.9141225961538462}
[2022-01-19 07:31:15,010] [RandAugment] [INFO] [valid 046/200] {}
[2022-01-19 07:31:20,865] [RandAugment] [INFO] [*test 046/200] {'loss': 0.4760872055053711, 'top1': 0.8413, 'top5': 0.9922}
[2022-01-19 07:32:40,183] [RandAugment] [INFO] [train 047/200] {'loss': 0.9236525879456446, 'top1': 0.6687900641025641, 'top5': 0.9120192307692307}
[2022-01-19 07:32:40,946] [RandAugment] [INFO] [valid 047/200] {}
[2022-01-19 07:32:46,826] [RandAugment] [INFO] [*test 047/200] {'loss': 0.40321488575935366, 'top1': 0.8593, 'top5': 0.9946}
[2022-01-19 07:32:46,827] [RandAugment] [INFO] save model@47 to wresnet_cifar10_new_search2_bs1.pth
[2022-01-19 07:34:08,291] [RandAugment] [INFO] [train 048/200] {'loss': 0.9312864323457082, 'top1': 0.6663461538461538, 'top5': 0.9103565705128205}
[2022-01-19 07:34:09,047] [RandAugment] [INFO] [valid 048/200] {}
[2022-01-19 07:34:14,961] [RandAugment] [INFO] [*test 048/200] {'loss': 0.5863073863267898, 'top1': 0.8115, 'top5': 0.9904}
[2022-01-19 07:35:34,468] [RandAugment] [INFO] [train 049/200] {'loss': 0.9165834834942451, 'top1': 0.6717748397435898, 'top5': 0.9132411858974359}
[2022-01-19 07:35:35,309] [RandAugment] [INFO] [valid 049/200] {}
[2022-01-19 07:35:41,330] [RandAugment] [INFO] [*test 049/200] {'loss': 0.600938853263855, 'top1': 0.7987, 'top5': 0.9895}
[2022-01-19 07:37:00,873] [RandAugment] [INFO] [train 050/200] {'loss': 0.9223159226087424, 'top1': 0.6690705128205128, 'top5': 0.91015625}
[2022-01-19 07:37:01,705] [RandAugment] [INFO] [valid 050/200] {}
[2022-01-19 07:37:07,700] [RandAugment] [INFO] [*test 050/200] {'loss': 0.43782097721099855, 'top1': 0.8522, 'top5': 0.9924}
[2022-01-19 07:38:27,137] [RandAugment] [INFO] [train 051/200] {'loss': 0.9001295285347181, 'top1': 0.6767227564102564, 'top5': 0.9140224358974359}
[2022-01-19 07:38:27,936] [RandAugment] [INFO] [valid 051/200] {}
[2022-01-19 07:38:33,891] [RandAugment] [INFO] [*test 051/200] {'loss': 0.49847739143371583, 'top1': 0.8348, 'top5': 0.99}
[2022-01-19 07:39:53,416] [RandAugment] [INFO] [train 052/200] {'loss': 0.8896654054140434, 'top1': 0.6803485576923077, 'top5': 0.9154046474358974}
[2022-01-19 07:39:54,257] [RandAugment] [INFO] [valid 052/200] {}
[2022-01-19 07:40:00,208] [RandAugment] [INFO] [*test 052/200] {'loss': 0.7583659066200257, 'top1': 0.7708, 'top5': 0.9733}
[2022-01-19 07:41:19,704] [RandAugment] [INFO] [train 053/200] {'loss': 0.8890360379830385, 'top1': 0.6823517628205128, 'top5': 0.9143028846153847}
[2022-01-19 07:41:20,530] [RandAugment] [INFO] [valid 053/200] {}
[2022-01-19 07:41:26,511] [RandAugment] [INFO] [*test 053/200] {'loss': 0.5279279299020767, 'top1': 0.8249, 'top5': 0.9937}
[2022-01-19 07:42:45,917] [RandAugment] [INFO] [train 054/200] {'loss': 0.8934179576543662, 'top1': 0.6807892628205128, 'top5': 0.9133613782051282}
[2022-01-19 07:42:46,776] [RandAugment] [INFO] [valid 054/200] {}
[2022-01-19 07:42:52,713] [RandAugment] [INFO] [*test 054/200] {'loss': 0.46363535408973694, 'top1': 0.8475, 'top5': 0.9936}
[2022-01-19 07:44:12,184] [RandAugment] [INFO] [train 055/200] {'loss': 0.8884284181472583, 'top1': 0.6797075320512821, 'top5': 0.9152844551282051}
[2022-01-19 07:44:13,004] [RandAugment] [INFO] [valid 055/200] {}
[2022-01-19 07:44:18,960] [RandAugment] [INFO] [*test 055/200] {'loss': 0.4835408462524414, 'top1': 0.8366, 'top5': 0.9934}
[2022-01-19 07:45:38,515] [RandAugment] [INFO] [train 056/200] {'loss': 0.8868604310047932, 'top1': 0.6809895833333334, 'top5': 0.9136618589743589}
[2022-01-19 07:45:39,300] [RandAugment] [INFO] [valid 056/200] {}
[2022-01-19 07:45:45,230] [RandAugment] [INFO] [*test 056/200] {'loss': 0.4061440345287323, 'top1': 0.8642, 'top5': 0.9926}
[2022-01-19 07:45:45,231] [RandAugment] [INFO] save model@56 to wresnet_cifar10_new_search2_bs1.pth
[2022-01-19 07:47:07,073] [RandAugment] [INFO] [train 057/200] {'loss': 0.8774140622371283, 'top1': 0.6856770833333333, 'top5': 0.9155048076923077}
[2022-01-19 07:47:07,884] [RandAugment] [INFO] [valid 057/200] {}
[2022-01-19 07:47:13,843] [RandAugment] [INFO] [*test 057/200] {'loss': 0.5930636177062988, 'top1': 0.8151, 'top5': 0.9925}
[2022-01-19 07:48:33,281] [RandAugment] [INFO] [train 058/200] {'loss': 0.8865162306871169, 'top1': 0.6835737179487179, 'top5': 0.913261217948718}
[2022-01-19 07:48:34,078] [RandAugment] [INFO] [valid 058/200] {}
[2022-01-19 07:48:40,044] [RandAugment] [INFO] [*test 058/200] {'loss': 0.5625863628387451, 'top1': 0.8137, 'top5': 0.9872}
[2022-01-19 07:49:59,561] [RandAugment] [INFO] [train 059/200] {'loss': 0.8837242513130873, 'top1': 0.6836939102564102, 'top5': 0.9161057692307693}
[2022-01-19 07:50:00,359] [RandAugment] [INFO] [valid 059/200] {}
[2022-01-19 07:50:06,357] [RandAugment] [INFO] [*test 059/200] {'loss': 0.49659848375320437, 'top1': 0.8342, 'top5': 0.9939}
[2022-01-19 07:51:25,870] [RandAugment] [INFO] [train 060/200] {'loss': 0.8788166142427004, 'top1': 0.6867988782051282, 'top5': 0.9147636217948718}
[2022-01-19 07:51:26,683] [RandAugment] [INFO] [valid 060/200] {}
[2022-01-19 07:51:32,634] [RandAugment] [INFO] [*test 060/200] {'loss': 0.46259310178756713, 'top1': 0.851, 'top5': 0.9937}
[2022-01-19 07:52:52,122] [RandAugment] [INFO] [train 061/200] {'loss': 0.868614253631005, 'top1': 0.6860977564102564, 'top5': 0.9170673076923077}
[2022-01-19 07:52:52,986] [RandAugment] [INFO] [valid 061/200] {}
[2022-01-19 07:52:59,005] [RandAugment] [INFO] [*test 061/200] {'loss': 0.4374187091827393, 'top1': 0.8516, 'top5': 0.9946}
[2022-01-19 07:54:18,508] [RandAugment] [INFO] [train 062/200] {'loss': 0.8672499487033257, 'top1': 0.6896434294871795, 'top5': 0.9157451923076924}
[2022-01-19 07:54:19,324] [RandAugment] [INFO] [valid 062/200] {}
[2022-01-19 07:54:25,285] [RandAugment] [INFO] [*test 062/200] {'loss': 0.40078496379852296, 'top1': 0.8665, 'top5': 0.995}
[2022-01-19 07:54:25,287] [RandAugment] [INFO] save model@62 to wresnet_cifar10_new_search2_bs1.pth
[2022-01-19 07:55:46,987] [RandAugment] [INFO] [train 063/200] {'loss': 0.8609621601227002, 'top1': 0.6909855769230769, 'top5': 0.9163261217948718}
[2022-01-19 07:55:47,830] [RandAugment] [INFO] [valid 063/200] {}
[2022-01-19 07:55:53,777] [RandAugment] [INFO] [*test 063/200] {'loss': 0.48690622038841247, 'top1': 0.8352, 'top5': 0.9947}
[2022-01-19 07:57:13,280] [RandAugment] [INFO] [train 064/200] {'loss': 0.8626985369584499, 'top1': 0.6901442307692308, 'top5': 0.9158253205128205}
[2022-01-19 07:57:14,080] [RandAugment] [INFO] [valid 064/200] {}
[2022-01-19 07:57:20,058] [RandAugment] [INFO] [*test 064/200] {'loss': 0.49608879652023313, 'top1': 0.8352, 'top5': 0.9875}
[2022-01-19 07:58:39,487] [RandAugment] [INFO] [train 065/200] {'loss': 0.8573593384180314, 'top1': 0.6909054487179487, 'top5': 0.9180689102564102}
[2022-01-19 07:58:40,323] [RandAugment] [INFO] [valid 065/200] {}
[2022-01-19 07:58:46,286] [RandAugment] [INFO] [*test 065/200] {'loss': 0.48849414229393007, 'top1': 0.8389, 'top5': 0.9895}
[2022-01-19 08:00:05,879] [RandAugment] [INFO] [train 066/200] {'loss': 0.8591034140342321, 'top1': 0.6922275641025641, 'top5': 0.9173277243589744}
[2022-01-19 08:00:06,707] [RandAugment] [INFO] [valid 066/200] {}
[2022-01-19 08:00:12,662] [RandAugment] [INFO] [*test 066/200] {'loss': 0.3703581354856491, 'top1': 0.8748, 'top5': 0.9953}
[2022-01-19 08:00:12,663] [RandAugment] [INFO] save model@66 to wresnet_cifar10_new_search2_bs1.pth
[2022-01-19 08:01:34,512] [RandAugment] [INFO] [train 067/200] {'loss': 0.8553641490447216, 'top1': 0.6935697115384616, 'top5': 0.91796875}
[2022-01-19 08:01:35,340] [RandAugment] [INFO] [valid 067/200] {}
[2022-01-19 08:01:41,269] [RandAugment] [INFO] [*test 067/200] {'loss': 0.4380966762781143, 'top1': 0.8532, 'top5': 0.9949}
[2022-01-19 08:03:00,597] [RandAugment] [INFO] [train 068/200] {'loss': 0.8546129387158614, 'top1': 0.6939302884615385, 'top5': 0.9178285256410257}
[2022-01-19 08:03:01,347] [RandAugment] [INFO] [valid 068/200] {}
[2022-01-19 08:03:07,243] [RandAugment] [INFO] [*test 068/200] {'loss': 0.5324710012197494, 'top1': 0.8251, 'top5': 0.9938}
[2022-01-19 08:04:26,537] [RandAugment] [INFO] [train 069/200] {'loss': 0.8444309989611308, 'top1': 0.6952524038461538, 'top5': 0.9176282051282051}
[2022-01-19 08:04:27,318] [RandAugment] [INFO] [valid 069/200] {}
[2022-01-19 08:04:33,197] [RandAugment] [INFO] [*test 069/200] {'loss': 0.5839973058462143, 'top1': 0.8217, 'top5': 0.9885}
[2022-01-19 08:05:52,590] [RandAugment] [INFO] [train 070/200] {'loss': 0.8410768738159766, 'top1': 0.6990584935897436, 'top5': 0.916005608974359}
[2022-01-19 08:05:53,353] [RandAugment] [INFO] [valid 070/200] {}
[2022-01-19 08:05:59,237] [RandAugment] [INFO] [*test 070/200] {'loss': 0.420149315059185, 'top1': 0.8612, 'top5': 0.995}
[2022-01-19 08:07:18,542] [RandAugment] [INFO] [train 071/200] {'loss': 0.830951427649229, 'top1': 0.7014022435897436, 'top5': 0.921073717948718}
[2022-01-19 08:07:19,317] [RandAugment] [INFO] [valid 071/200] {}
[2022-01-19 08:07:25,205] [RandAugment] [INFO] [*test 071/200] {'loss': 0.42975995030403136, 'top1': 0.8611, 'top5': 0.9942}
[2022-01-19 08:08:44,524] [RandAugment] [INFO] [train 072/200] {'loss': 0.8271923479361412, 'top1': 0.7030448717948717, 'top5': 0.9191907051282051}
[2022-01-19 08:08:45,330] [RandAugment] [INFO] [valid 072/200] {}
[2022-01-19 08:08:51,258] [RandAugment] [INFO] [*test 072/200] {'loss': 0.3835178221940994, 'top1': 0.8755, 'top5': 0.9925}
[2022-01-19 08:08:51,259] [RandAugment] [INFO] save model@72 to wresnet_cifar10_new_search2_bs1.pth
[2022-01-19 08:10:12,817] [RandAugment] [INFO] [train 073/200] {'loss': 0.8254571754198808, 'top1': 0.7039863782051282, 'top5': 0.9198717948717948}
[2022-01-19 08:10:13,594] [RandAugment] [INFO] [valid 073/200] {}
[2022-01-19 08:10:19,492] [RandAugment] [INFO] [*test 073/200] {'loss': 0.45466000332832335, 'top1': 0.8535, 'top5': 0.9946}
[2022-01-19 08:11:38,776] [RandAugment] [INFO] [train 074/200] {'loss': 0.8275822767844567, 'top1': 0.7044671474358974, 'top5': 0.9200721153846154}
[2022-01-19 08:11:39,555] [RandAugment] [INFO] [valid 074/200] {}
[2022-01-19 08:16:50,741] [RandAugment] [INFO] [*test 074/200] {'loss': 0.4960483583688736, 'top1': 0.8407, 'top5': 0.9938}
[2022-01-19 08:18:10,045] [RandAugment] [INFO] [train 075/200] {'loss': 0.823618756654935, 'top1': 0.7037660256410256, 'top5': 0.9197516025641026}
[2022-01-19 08:18:10,823] [RandAugment] [INFO] [valid 075/200] {}
[2022-01-19 08:18:16,721] [RandAugment] [INFO] [*test 075/200] {'loss': 0.4068344880104065, 'top1': 0.8667, 'top5': 0.9938}
[2022-01-19 08:19:36,068] [RandAugment] [INFO] [train 076/200] {'loss': 0.8248684057822594, 'top1': 0.7038461538461539, 'top5': 0.9209535256410256}
[2022-01-19 08:19:36,863] [RandAugment] [INFO] [valid 076/200] {}
[2022-01-19 08:19:42,744] [RandAugment] [INFO] [*test 076/200] {'loss': 0.37247879947423934, 'top1': 0.8795, 'top5': 0.9955}
[2022-01-19 08:19:42,745] [RandAugment] [INFO] save model@76 to wresnet_cifar10_new_search2_bs1.pth
[2022-01-19 08:21:04,401] [RandAugment] [INFO] [train 077/200] {'loss': 0.8148948444769932, 'top1': 0.7059094551282051, 'top5': 0.9213942307692308}
[2022-01-19 08:21:05,188] [RandAugment] [INFO] [valid 077/200] {}
[2022-01-19 08:21:11,086] [RandAugment] [INFO] [*test 077/200] {'loss': 0.38270568807125094, 'top1': 0.8698, 'top5': 0.995}
[2022-01-19 08:22:30,462] [RandAugment] [INFO] [train 078/200] {'loss': 0.8023922472428053, 'top1': 0.7132211538461538, 'top5': 0.92265625}
[2022-01-19 08:22:31,244] [RandAugment] [INFO] [valid 078/200] {}
[2022-01-19 08:22:37,119] [RandAugment] [INFO] [*test 078/200] {'loss': 0.3861039886951447, 'top1': 0.8682, 'top5': 0.9947}
[2022-01-19 08:23:56,487] [RandAugment] [INFO] [train 079/200] {'loss': 0.8091495695786598, 'top1': 0.710136217948718, 'top5': 0.9208333333333333}
[2022-01-19 08:23:57,308] [RandAugment] [INFO] [valid 079/200] {}
[2022-01-19 08:24:03,299] [RandAugment] [INFO] [*test 079/200] {'loss': 0.3209754023551941, 'top1': 0.8902, 'top5': 0.9966}
[2022-01-19 08:24:03,300] [RandAugment] [INFO] save model@79 to wresnet_cifar10_new_search2_bs1.pth
[2022-01-19 08:25:25,133] [RandAugment] [INFO] [train 080/200] {'loss': 0.8010361585861597, 'top1': 0.7120993589743589, 'top5': 0.9233373397435898}
[2022-01-19 08:25:25,981] [RandAugment] [INFO] [valid 080/200] {}
[2022-01-19 08:25:31,967] [RandAugment] [INFO] [*test 080/200] {'loss': 0.4934654384613037, 'top1': 0.8459, 'top5': 0.9926}
[2022-01-19 08:26:51,566] [RandAugment] [INFO] [train 081/200] {'loss': 0.7926187487748954, 'top1': 0.7155248397435897, 'top5': 0.9233774038461539}
[2022-01-19 08:26:52,399] [RandAugment] [INFO] [valid 081/200] {}
[2022-01-19 08:26:58,357] [RandAugment] [INFO] [*test 081/200] {'loss': 0.4032331331014633, 'top1': 0.8655, 'top5': 0.996}
[2022-01-19 08:28:17,868] [RandAugment] [INFO] [train 082/200] {'loss': 0.7931945825234438, 'top1': 0.7161258012820513, 'top5': 0.9243189102564102}
[2022-01-19 08:28:18,699] [RandAugment] [INFO] [valid 082/200] {}
[2022-01-19 08:28:24,701] [RandAugment] [INFO] [*test 082/200] {'loss': 0.5155340680122376, 'top1': 0.835, 'top5': 0.9883}
[2022-01-19 08:29:44,181] [RandAugment] [INFO] [train 083/200] {'loss': 0.7826952480352842, 'top1': 0.720693108974359, 'top5': 0.9238581730769231}
[2022-01-19 08:29:44,994] [RandAugment] [INFO] [valid 083/200] {}
[2022-01-19 08:29:50,940] [RandAugment] [INFO] [*test 083/200] {'loss': 0.5287479553461075, 'top1': 0.8274, 'top5': 0.9959}
[2022-01-19 08:31:10,471] [RandAugment] [INFO] [train 084/200] {'loss': 0.773200215284641, 'top1': 0.7215544871794872, 'top5': 0.9268028846153846}
[2022-01-19 08:31:11,275] [RandAugment] [INFO] [valid 084/200] {}
[2022-01-19 08:31:17,238] [RandAugment] [INFO] [*test 084/200] {'loss': 0.37892573013305664, 'top1': 0.8708, 'top5': 0.9952}
[2022-01-19 08:32:36,752] [RandAugment] [INFO] [train 085/200] {'loss': 0.78072031552975, 'top1': 0.7200921474358974, 'top5': 0.9228165064102564}
[2022-01-19 08:32:37,569] [RandAugment] [INFO] [valid 085/200] {}
[2022-01-19 08:32:43,548] [RandAugment] [INFO] [*test 085/200] {'loss': 0.3696536729812622, 'top1': 0.8783, 'top5': 0.9954}
[2022-01-19 08:34:02,924] [RandAugment] [INFO] [train 086/200] {'loss': 0.7765196807873554, 'top1': 0.7223758012820513, 'top5': 0.9247195512820513}
[2022-01-19 08:34:03,755] [RandAugment] [INFO] [valid 086/200] {}
[2022-01-19 08:34:09,679] [RandAugment] [INFO] [*test 086/200] {'loss': 0.37544033365249635, 'top1': 0.8731, 'top5': 0.9936}
[2022-01-19 08:35:29,088] [RandAugment] [INFO] [train 087/200] {'loss': 0.7769658604493508, 'top1': 0.7214342948717949, 'top5': 0.9236578525641026}
[2022-01-19 08:35:29,905] [RandAugment] [INFO] [valid 087/200] {}
[2022-01-19 08:35:35,810] [RandAugment] [INFO] [*test 087/200] {'loss': 0.3849370909452438, 'top1': 0.8721, 'top5': 0.9955}
[2022-01-19 08:36:55,208] [RandAugment] [INFO] [train 088/200] {'loss': 0.769293419443644, 'top1': 0.723417467948718, 'top5': 0.9252804487179487}
[2022-01-19 08:36:56,031] [RandAugment] [INFO] [valid 088/200] {}
[2022-01-19 08:37:02,030] [RandAugment] [INFO] [*test 088/200] {'loss': 0.4245589146852493, 'top1': 0.864, 'top5': 0.9934}
[2022-01-19 08:38:21,558] [RandAugment] [INFO] [train 089/200] {'loss': 0.7721060754396977, 'top1': 0.7219551282051282, 'top5': 0.9247796474358975}
[2022-01-19 08:38:22,367] [RandAugment] [INFO] [valid 089/200] {}
[2022-01-19 08:38:28,319] [RandAugment] [INFO] [*test 089/200] {'loss': 0.4500831708908081, 'top1': 0.864, 'top5': 0.995}
[2022-01-19 08:39:47,769] [RandAugment] [INFO] [train 090/200] {'loss': 0.7625508621717111, 'top1': 0.7255408653846154, 'top5': 0.9261818910256411}
[2022-01-19 08:39:48,586] [RandAugment] [INFO] [valid 090/200] {}
[2022-01-19 08:39:54,615] [RandAugment] [INFO] [*test 090/200] {'loss': 0.33838441848754885, 'top1': 0.8866, 'top5': 0.9945}
[2022-01-19 08:41:14,083] [RandAugment] [INFO] [train 091/200] {'loss': 0.7554663348656434, 'top1': 0.7275440705128206, 'top5': 0.9271033653846154}
[2022-01-19 08:41:14,909] [RandAugment] [INFO] [valid 091/200] {}
[2022-01-19 08:41:20,851] [RandAugment] [INFO] [*test 091/200] {'loss': 0.5599182670593261, 'top1': 0.8258, 'top5': 0.9945}
[2022-01-19 08:42:40,388] [RandAugment] [INFO] [train 092/200] {'loss': 0.7568328388226337, 'top1': 0.7280649038461539, 'top5': 0.9268429487179487}
[2022-01-19 08:42:41,210] [RandAugment] [INFO] [valid 092/200] {}
[2022-01-19 08:42:47,152] [RandAugment] [INFO] [*test 092/200] {'loss': 0.4003825560092926, 'top1': 0.868, 'top5': 0.9931}
[2022-01-19 08:44:06,589] [RandAugment] [INFO] [train 093/200] {'loss': 0.7485737909109165, 'top1': 0.7325921474358974, 'top5': 0.9279647435897436}
[2022-01-19 08:44:07,402] [RandAugment] [INFO] [valid 093/200] {}
[2022-01-19 08:44:13,375] [RandAugment] [INFO] [*test 093/200] {'loss': 0.405040128660202, 'top1': 0.8678, 'top5': 0.9948}
[2022-01-19 08:45:32,840] [RandAugment] [INFO] [train 094/200] {'loss': 0.7556606243818235, 'top1': 0.7290464743589744, 'top5': 0.9263421474358975}
[2022-01-19 08:45:33,646] [RandAugment] [INFO] [valid 094/200] {}
[2022-01-19 08:45:39,567] [RandAugment] [INFO] [*test 094/200] {'loss': 0.31255441201925277, 'top1': 0.8956, 'top5': 0.997}
[2022-01-19 08:45:39,569] [RandAugment] [INFO] save model@94 to wresnet_cifar10_new_search2_bs1.pth
[2022-01-19 08:47:01,310] [RandAugment] [INFO] [train 095/200] {'loss': 0.7424140352469224, 'top1': 0.7327123397435897, 'top5': 0.9280248397435897}
[2022-01-19 08:47:02,131] [RandAugment] [INFO] [valid 095/200] {}
[2022-01-19 08:47:08,091] [RandAugment] [INFO] [*test 095/200] {'loss': 0.3006174202442169, 'top1': 0.8974, 'top5': 0.9971}
[2022-01-19 08:47:08,092] [RandAugment] [INFO] save model@95 to wresnet_cifar10_new_search2_bs1.pth
[2022-01-19 08:48:29,647] [RandAugment] [INFO] [train 096/200] {'loss': 0.7394906322161356, 'top1': 0.7325921474358974, 'top5': 0.927724358974359}
[2022-01-19 08:48:30,422] [RandAugment] [INFO] [valid 096/200] {}
[2022-01-19 08:48:36,306] [RandAugment] [INFO] [*test 096/200] {'loss': 0.43670254564285277, 'top1': 0.8585, 'top5': 0.9944}
[2022-01-19 08:49:55,497] [RandAugment] [INFO] [train 097/200] {'loss': 0.7364623821698703, 'top1': 0.734755608974359, 'top5': 0.928165064102564}
[2022-01-19 08:49:56,260] [RandAugment] [INFO] [valid 097/200] {}
[2022-01-19 08:50:02,141] [RandAugment] [INFO] [*test 097/200] {'loss': 0.30563497095108033, 'top1': 0.8973, 'top5': 0.9967}
[2022-01-19 08:51:21,502] [RandAugment] [INFO] [train 098/200] {'loss': 0.7391687147128276, 'top1': 0.7338141025641025, 'top5': 0.9288060897435897}
[2022-01-19 08:51:22,355] [RandAugment] [INFO] [valid 098/200] {}
[2022-01-19 08:51:28,297] [RandAugment] [INFO] [*test 098/200] {'loss': 0.30629932522773745, 'top1': 0.8957, 'top5': 0.9966}
[2022-01-19 08:52:47,841] [RandAugment] [INFO] [train 099/200] {'loss': 0.7370509298948141, 'top1': 0.7355368589743589, 'top5': 0.9259615384615385}
[2022-01-19 08:52:48,662] [RandAugment] [INFO] [valid 099/200] {}
[2022-01-19 08:52:54,652] [RandAugment] [INFO] [*test 099/200] {'loss': 0.37774420578479767, 'top1': 0.8747, 'top5': 0.9955}
[2022-01-19 08:54:14,143] [RandAugment] [INFO] [train 100/200] {'loss': 0.7236760759200805, 'top1': 0.7405248397435897, 'top5': 0.9293269230769231}
[2022-01-19 08:54:14,986] [RandAugment] [INFO] [valid 100/200] {}
[2022-01-19 08:54:20,927] [RandAugment] [INFO] [*test 100/200] {'loss': 0.482459582901001, 'top1': 0.8455, 'top5': 0.9943}
[2022-01-19 08:55:40,409] [RandAugment] [INFO] [train 101/200] {'loss': 0.721757319340339, 'top1': 0.7415865384615384, 'top5': 0.9289463141025641}
[2022-01-19 08:55:41,243] [RandAugment] [INFO] [valid 101/200] {}
[2022-01-19 08:55:47,226] [RandAugment] [INFO] [*test 101/200] {'loss': 0.35692458362579343, 'top1': 0.8817, 'top5': 0.9954}
[2022-01-19 08:57:06,482] [RandAugment] [INFO] [train 102/200] {'loss': 0.7139167174314841, 'top1': 0.7440304487179488, 'top5': 0.9292467948717948}
[2022-01-19 08:57:07,255] [RandAugment] [INFO] [valid 102/200] {}
[2022-01-19 08:57:13,143] [RandAugment] [INFO] [*test 102/200] {'loss': 0.3741665861129761, 'top1': 0.872, 'top5': 0.9965}
[2022-01-19 08:58:32,384] [RandAugment] [INFO] [train 103/200] {'loss': 0.7132431567479403, 'top1': 0.7452524038461539, 'top5': 0.9310296474358974}
[2022-01-19 08:58:33,213] [RandAugment] [INFO] [valid 103/200] {}
[2022-01-19 08:58:39,181] [RandAugment] [INFO] [*test 103/200] {'loss': 0.28935115461349487, 'top1': 0.9077, 'top5': 0.9969}
[2022-01-19 08:58:39,182] [RandAugment] [INFO] save model@103 to wresnet_cifar10_new_search2_bs1.pth
[2022-01-19 09:00:01,002] [RandAugment] [INFO] [train 104/200] {'loss': 0.7094861273582165, 'top1': 0.7445512820512821, 'top5': 0.9295472756410257}
[2022-01-19 09:00:01,826] [RandAugment] [INFO] [valid 104/200] {}
[2022-01-19 09:00:07,816] [RandAugment] [INFO] [*test 104/200] {'loss': 0.3026983777999878, 'top1': 0.9022, 'top5': 0.996}
[2022-01-19 09:01:27,376] [RandAugment] [INFO] [train 105/200] {'loss': 0.704373902388108, 'top1': 0.7472956730769231, 'top5': 0.9308092948717949}
[2022-01-19 09:01:28,211] [RandAugment] [INFO] [valid 105/200] {}
[2022-01-19 09:01:34,172] [RandAugment] [INFO] [*test 105/200] {'loss': 0.31095958914756777, 'top1': 0.8955, 'top5': 0.9965}
[2022-01-19 09:02:53,685] [RandAugment] [INFO] [train 106/200] {'loss': 0.6999891708294551, 'top1': 0.7470753205128206, 'top5': 0.930488782051282}
[2022-01-19 09:02:54,536] [RandAugment] [INFO] [valid 106/200] {}
[2022-01-19 09:03:00,569] [RandAugment] [INFO] [*test 106/200] {'loss': 0.294132520544529, 'top1': 0.8993, 'top5': 0.9971}
[2022-01-19 09:04:20,113] [RandAugment] [INFO] [train 107/200] {'loss': 0.7032542385351963, 'top1': 0.7453725961538461, 'top5': 0.9301883012820513}
[2022-01-19 09:04:20,924] [RandAugment] [INFO] [valid 107/200] {}
[2022-01-19 09:04:26,813] [RandAugment] [INFO] [*test 107/200] {'loss': 0.3007106303095818, 'top1': 0.9001, 'top5': 0.9969}
[2022-01-19 09:05:46,203] [RandAugment] [INFO] [train 108/200] {'loss': 0.703306605342107, 'top1': 0.7454727564102565, 'top5': 0.9296274038461538}
[2022-01-19 09:05:46,995] [RandAugment] [INFO] [valid 108/200] {}
[2022-01-19 09:05:52,862] [RandAugment] [INFO] [*test 108/200] {'loss': 0.2893551313400269, 'top1': 0.9012, 'top5': 0.9964}
[2022-01-19 09:07:12,219] [RandAugment] [INFO] [train 109/200] {'loss': 0.6973164004393113, 'top1': 0.7482772435897436, 'top5': 0.9296274038461538}
[2022-01-19 09:07:13,019] [RandAugment] [INFO] [valid 109/200] {}
[2022-01-19 09:07:18,889] [RandAugment] [INFO] [*test 109/200] {'loss': 0.3642955850124359, 'top1': 0.883, 'top5': 0.9931}
[2022-01-19 09:08:38,429] [RandAugment] [INFO] [train 110/200] {'loss': 0.6887994030347238, 'top1': 0.7513221153846154, 'top5': 0.9324318910256411}
[2022-01-19 09:08:39,250] [RandAugment] [INFO] [valid 110/200] {}
[2022-01-19 09:08:45,212] [RandAugment] [INFO] [*test 110/200] {'loss': 0.3154910969734192, 'top1': 0.8975, 'top5': 0.9963}
[2022-01-19 09:10:04,756] [RandAugment] [INFO] [train 111/200] {'loss': 0.6750873486200969, 'top1': 0.7565504807692308, 'top5': 0.9339342948717949}
[2022-01-19 09:10:05,556] [RandAugment] [INFO] [valid 111/200] {}
[2022-01-19 09:10:11,476] [RandAugment] [INFO] [*test 111/200] {'loss': 0.29754683084487915, 'top1': 0.9019, 'top5': 0.9976}
[2022-01-19 09:11:30,960] [RandAugment] [INFO] [train 112/200] {'loss': 0.6722067677821868, 'top1': 0.7584134615384616, 'top5': 0.9342748397435897}
[2022-01-19 09:11:31,783] [RandAugment] [INFO] [valid 112/200] {}
[2022-01-19 09:11:37,718] [RandAugment] [INFO] [*test 112/200] {'loss': 0.2911070498943329, 'top1': 0.9049, 'top5': 0.9976}
[2022-01-19 09:12:57,040] [RandAugment] [INFO] [train 113/200] {'loss': 0.6753256602929189, 'top1': 0.7567107371794872, 'top5': 0.9330528846153846}
[2022-01-19 09:12:57,860] [RandAugment] [INFO] [valid 113/200] {}
[2022-01-19 09:13:03,832] [RandAugment] [INFO] [*test 113/200] {'loss': 0.3479082984447479, 'top1': 0.8866, 'top5': 0.9944}
[2022-01-19 09:14:23,336] [RandAugment] [INFO] [train 114/200] {'loss': 0.6711975952753654, 'top1': 0.7570713141025641, 'top5': 0.9338541666666667}
[2022-01-19 09:14:24,147] [RandAugment] [INFO] [valid 114/200] {}
[2022-01-19 09:14:30,118] [RandAugment] [INFO] [*test 114/200] {'loss': 0.37215791039466856, 'top1': 0.8821, 'top5': 0.9954}
[2022-01-19 09:15:49,574] [RandAugment] [INFO] [train 115/200] {'loss': 0.6684413659266937, 'top1': 0.7603365384615385, 'top5': 0.9325320512820513}
[2022-01-19 09:15:50,428] [RandAugment] [INFO] [valid 115/200] {}
[2022-01-19 09:15:56,330] [RandAugment] [INFO] [*test 115/200] {'loss': 0.29586470866203307, 'top1': 0.9022, 'top5': 0.997}
[2022-01-19 09:17:15,856] [RandAugment] [INFO] [train 116/200] {'loss': 0.6577072601287793, 'top1': 0.7612580128205129, 'top5': 0.9354567307692307}
[2022-01-19 09:17:16,671] [RandAugment] [INFO] [valid 116/200] {}
[2022-01-19 09:17:22,637] [RandAugment] [INFO] [*test 116/200] {'loss': 0.34218314762115476, 'top1': 0.8897, 'top5': 0.9967}
[2022-01-19 09:18:42,062] [RandAugment] [INFO] [train 117/200] {'loss': 0.6609194526305565, 'top1': 0.762520032051282, 'top5': 0.9346554487179487}
[2022-01-19 09:18:42,872] [RandAugment] [INFO] [valid 117/200] {}
[2022-01-19 09:18:48,859] [RandAugment] [INFO] [*test 117/200] {'loss': 0.25583122963905336, 'top1': 0.9153, 'top5': 0.9979}
[2022-01-19 09:18:48,860] [RandAugment] [INFO] save model@117 to wresnet_cifar10_new_search2_bs1.pth
[2022-01-19 09:20:10,550] [RandAugment] [INFO] [train 118/200] {'loss': 0.6642528242789782, 'top1': 0.7600761217948718, 'top5': 0.9335737179487179}
[2022-01-19 09:20:11,356] [RandAugment] [INFO] [valid 118/200] {}
[2022-01-19 09:20:17,297] [RandAugment] [INFO] [*test 118/200] {'loss': 0.27494032707214355, 'top1': 0.9126, 'top5': 0.9977}
[2022-01-19 09:21:36,789] [RandAugment] [INFO] [train 119/200] {'loss': 0.6561085547392185, 'top1': 0.7622596153846154, 'top5': 0.933974358974359}
[2022-01-19 09:21:37,590] [RandAugment] [INFO] [valid 119/200] {}
[2022-01-19 09:21:43,546] [RandAugment] [INFO] [*test 119/200] {'loss': 0.29016161558628084, 'top1': 0.9051, 'top5': 0.9978}
[2022-01-19 09:23:03,015] [RandAugment] [INFO] [train 120/200] {'loss': 0.6489018573974952, 'top1': 0.766806891025641, 'top5': 0.9348758012820513}
[2022-01-19 09:23:03,826] [RandAugment] [INFO] [valid 120/200] {}
[2022-01-19 09:23:09,748] [RandAugment] [INFO] [*test 120/200] {'loss': 0.228688403570652, 'top1': 0.923, 'top5': 0.9985}
[2022-01-19 09:23:09,749] [RandAugment] [INFO] save model@120 to wresnet_cifar10_new_search2_bs1.pth
[2022-01-19 09:24:31,561] [RandAugment] [INFO] [train 121/200] {'loss': 0.6440468953205989, 'top1': 0.7675280448717948, 'top5': 0.9356570512820512}
[2022-01-19 09:24:32,362] [RandAugment] [INFO] [valid 121/200] {}
[2022-01-19 09:24:38,279] [RandAugment] [INFO] [*test 121/200] {'loss': 0.2583054581046104, 'top1': 0.9166, 'top5': 0.9976}
[2022-01-19 09:25:57,740] [RandAugment] [INFO] [train 122/200] {'loss': 0.6387126877521857, 'top1': 0.7671674679487179, 'top5': 0.9352564102564103}
[2022-01-19 09:25:58,555] [RandAugment] [INFO] [valid 122/200] {}
[2022-01-19 09:26:04,484] [RandAugment] [INFO] [*test 122/200] {'loss': 0.2673540897846222, 'top1': 0.9094, 'top5': 0.9967}
[2022-01-19 09:27:23,753] [RandAugment] [INFO] [train 123/200] {'loss': 0.6344731031320034, 'top1': 0.7713541666666667, 'top5': 0.9349959935897436}
[2022-01-19 09:27:24,524] [RandAugment] [INFO] [valid 123/200] {}
[2022-01-19 09:27:30,411] [RandAugment] [INFO] [*test 123/200] {'loss': 0.29306446363925936, 'top1': 0.9014, 'top5': 0.9978}
[2022-01-19 09:28:49,690] [RandAugment] [INFO] [train 124/200] {'loss': 0.6280232205604895, 'top1': 0.7731971153846153, 'top5': 0.935917467948718}
[2022-01-19 09:28:50,507] [RandAugment] [INFO] [valid 124/200] {}
[2022-01-19 09:28:56,391] [RandAugment] [INFO] [*test 124/200] {'loss': 0.2703707941532135, 'top1': 0.9104, 'top5': 0.9982}
[2022-01-19 09:30:15,644] [RandAugment] [INFO] [train 125/200] {'loss': 0.627651536388275, 'top1': 0.7752804487179488, 'top5': 0.9360576923076923}
[2022-01-19 09:30:16,440] [RandAugment] [INFO] [valid 125/200] {}
[2022-01-19 09:30:22,377] [RandAugment] [INFO] [*test 125/200] {'loss': 0.3357204427719116, 'top1': 0.888, 'top5': 0.996}
[2022-01-19 09:31:41,589] [RandAugment] [INFO] [train 126/200] {'loss': 0.6184484307582562, 'top1': 0.7744391025641025, 'top5': 0.9361378205128205}
[2022-01-19 09:31:42,316] [RandAugment] [INFO] [valid 126/200] {}
[2022-01-19 09:31:48,151] [RandAugment] [INFO] [*test 126/200] {'loss': 0.24721208488941193, 'top1': 0.9171, 'top5': 0.9977}
[2022-01-19 09:33:07,313] [RandAugment] [INFO] [train 127/200] {'loss': 0.6169561703999837, 'top1': 0.7776842948717949, 'top5': 0.9369991987179487}
[2022-01-19 09:33:08,077] [RandAugment] [INFO] [valid 127/200] {}
[2022-01-19 09:33:13,962] [RandAugment] [INFO] [*test 127/200] {'loss': 0.25561961965560914, 'top1': 0.9165, 'top5': 0.9975}
[2022-01-19 09:34:33,159] [RandAugment] [INFO] [train 128/200] {'loss': 0.614210016758014, 'top1': 0.7768429487179487, 'top5': 0.9381810897435897}
[2022-01-19 09:34:33,908] [RandAugment] [INFO] [valid 128/200] {}
[2022-01-19 09:34:39,814] [RandAugment] [INFO] [*test 128/200] {'loss': 0.32811771612167356, 'top1': 0.8922, 'top5': 0.9967}
[2022-01-19 09:35:59,034] [RandAugment] [INFO] [train 129/200] {'loss': 0.6169508010913164, 'top1': 0.7786858974358974, 'top5': 0.9385016025641025}
[2022-01-19 09:35:59,807] [RandAugment] [INFO] [valid 129/200] {}
[2022-01-19 09:36:05,691] [RandAugment] [INFO] [*test 129/200] {'loss': 0.35931225748062134, 'top1': 0.8884, 'top5': 0.9969}
[2022-01-19 09:37:24,919] [RandAugment] [INFO] [train 130/200] {'loss': 0.6031369777062, 'top1': 0.7842748397435897, 'top5': 0.9367588141025641}
[2022-01-19 09:37:25,712] [RandAugment] [INFO] [valid 130/200] {}
[2022-01-19 09:37:31,617] [RandAugment] [INFO] [*test 130/200] {'loss': 0.26204426341056825, 'top1': 0.9125, 'top5': 0.9966}
[2022-01-19 09:38:50,863] [RandAugment] [INFO] [train 131/200] {'loss': 0.6035633267500462, 'top1': 0.7829326923076924, 'top5': 0.9377203525641026}
[2022-01-19 09:38:51,644] [RandAugment] [INFO] [valid 131/200] {}
[2022-01-19 09:38:57,541] [RandAugment] [INFO] [*test 131/200] {'loss': 0.24000604968070985, 'top1': 0.9201, 'top5': 0.9981}
[2022-01-19 09:40:16,849] [RandAugment] [INFO] [train 132/200] {'loss': 0.6021559496720632, 'top1': 0.782431891025641, 'top5': 0.9370192307692308}
[2022-01-19 09:40:17,634] [RandAugment] [INFO] [valid 132/200] {}
[2022-01-19 09:40:23,507] [RandAugment] [INFO] [*test 132/200] {'loss': 0.22692809438705444, 'top1': 0.9266, 'top5': 0.9984}
[2022-01-19 09:40:23,508] [RandAugment] [INFO] save model@132 to wresnet_cifar10_new_search2_bs1.pth
[2022-01-19 09:41:45,071] [RandAugment] [INFO] [train 133/200] {'loss': 0.5880301786538882, 'top1': 0.7885016025641025, 'top5': 0.9387219551282051}
[2022-01-19 09:41:45,843] [RandAugment] [INFO] [valid 133/200] {}
[2022-01-19 09:41:51,731] [RandAugment] [INFO] [*test 133/200] {'loss': 0.2273724555015564, 'top1': 0.923, 'top5': 0.9984}
[2022-01-19 09:43:10,871] [RandAugment] [INFO] [train 134/200] {'loss': 0.5977978326571294, 'top1': 0.7833333333333333, 'top5': 0.9385817307692308}
[2022-01-19 09:43:11,655] [RandAugment] [INFO] [valid 134/200] {}
[2022-01-19 09:43:17,505] [RandAugment] [INFO] [*test 134/200] {'loss': 0.25478313026428223, 'top1': 0.9188, 'top5': 0.998}
[2022-01-19 09:44:36,857] [RandAugment] [INFO] [train 135/200] {'loss': 0.5884230424960454, 'top1': 0.7877403846153846, 'top5': 0.9388221153846154}
[2022-01-19 09:44:37,605] [RandAugment] [INFO] [valid 135/200] {}
[2022-01-19 09:44:43,554] [RandAugment] [INFO] [*test 135/200] {'loss': 0.23556051700115205, 'top1': 0.9221, 'top5': 0.9984}
[2022-01-19 09:46:02,849] [RandAugment] [INFO] [train 136/200] {'loss': 0.5862424035867055, 'top1': 0.787479967948718, 'top5': 0.9404447115384615}
[2022-01-19 09:46:03,614] [RandAugment] [INFO] [valid 136/200] {}
[2022-01-19 09:46:09,525] [RandAugment] [INFO] [*test 136/200] {'loss': 0.2510688205629587, 'top1': 0.918, 'top5': 0.999}
[2022-01-19 09:47:28,989] [RandAugment] [INFO] [train 137/200] {'loss': 0.5840524610036458, 'top1': 0.7897636217948718, 'top5': 0.9382211538461539}
[2022-01-19 09:47:29,761] [RandAugment] [INFO] [valid 137/200] {}
[2022-01-19 09:47:35,675] [RandAugment] [INFO] [*test 137/200] {'loss': 0.24858334054946898, 'top1': 0.9214, 'top5': 0.9982}
[2022-01-19 09:48:54,969] [RandAugment] [INFO] [train 138/200] {'loss': 0.5743515673356179, 'top1': 0.7924879807692308, 'top5': 0.9378205128205128}
[2022-01-19 09:48:55,730] [RandAugment] [INFO] [valid 138/200] {}
[2022-01-19 09:49:01,676] [RandAugment] [INFO] [*test 138/200] {'loss': 0.19258415367603302, 'top1': 0.9343, 'top5': 0.9985}
[2022-01-19 09:49:01,677] [RandAugment] [INFO] save model@138 to wresnet_cifar10_new_search2_bs1.pth
[2022-01-19 09:50:23,339] [RandAugment] [INFO] [train 139/200] {'loss': 0.5655343369031564, 'top1': 0.7958333333333333, 'top5': 0.9401041666666666}
[2022-01-19 09:50:24,112] [RandAugment] [INFO] [valid 139/200] {}
[2022-01-19 09:50:29,979] [RandAugment] [INFO] [*test 139/200] {'loss': 0.21435044083595275, 'top1': 0.9291, 'top5': 0.9983}
[2022-01-19 09:51:49,241] [RandAugment] [INFO] [train 140/200] {'loss': 0.5649380093965775, 'top1': 0.7952123397435897, 'top5': 0.9394230769230769}
[2022-01-19 09:51:50,025] [RandAugment] [INFO] [valid 140/200] {}
[2022-01-19 09:51:55,932] [RandAugment] [INFO] [*test 140/200] {'loss': 0.21803590766191483, 'top1': 0.9326, 'top5': 0.9992}
[2022-01-19 09:53:15,146] [RandAugment] [INFO] [train 141/200] {'loss': 0.5547699119800177, 'top1': 0.7998397435897436, 'top5': 0.9399439102564102}
[2022-01-19 09:53:15,945] [RandAugment] [INFO] [valid 141/200] {}
[2022-01-19 09:53:21,854] [RandAugment] [INFO] [*test 141/200] {'loss': 0.21546086158752442, 'top1': 0.9303, 'top5': 0.9983}
[2022-01-19 09:54:41,132] [RandAugment] [INFO] [train 142/200] {'loss': 0.5594947827932162, 'top1': 0.7963942307692308, 'top5': 0.9393028846153846}
[2022-01-19 09:54:41,944] [RandAugment] [INFO] [valid 142/200] {}
[2022-01-19 09:54:47,835] [RandAugment] [INFO] [*test 142/200] {'loss': 0.1980307589530945, 'top1': 0.9344, 'top5': 0.9988}
[2022-01-19 09:54:47,837] [RandAugment] [INFO] save model@142 to wresnet_cifar10_new_search2_bs1.pth
[2022-01-19 09:56:09,436] [RandAugment] [INFO] [train 143/200] {'loss': 0.5493844051391651, 'top1': 0.8012820512820513, 'top5': 0.9405048076923077}
[2022-01-19 09:56:10,213] [RandAugment] [INFO] [valid 143/200] {}
[2022-01-19 09:56:16,130] [RandAugment] [INFO] [*test 143/200] {'loss': 0.204399031573534, 'top1': 0.9334, 'top5': 0.999}
[2022-01-19 09:57:35,508] [RandAugment] [INFO] [train 144/200] {'loss': 0.5437850528038465, 'top1': 0.8045072115384615, 'top5': 0.9411858974358974}
[2022-01-19 09:57:36,293] [RandAugment] [INFO] [valid 144/200] {}
[2022-01-19 09:57:42,159] [RandAugment] [INFO] [*test 144/200] {'loss': 0.2217246246099472, 'top1': 0.9343, 'top5': 0.9984}
[2022-01-19 09:59:01,406] [RandAugment] [INFO] [train 145/200] {'loss': 0.5416557681866181, 'top1': 0.8026642628205128, 'top5': 0.9412860576923077}
[2022-01-19 09:59:02,173] [RandAugment] [INFO] [valid 145/200] {}
[2022-01-19 09:59:08,084] [RandAugment] [INFO] [*test 145/200] {'loss': 0.17003954058289528, 'top1': 0.9436, 'top5': 0.9991}
[2022-01-19 09:59:08,085] [RandAugment] [INFO] save model@145 to wresnet_cifar10_new_search2_bs1.pth
[2022-01-19 10:00:29,723] [RandAugment] [INFO] [train 146/200] {'loss': 0.5414998602408629, 'top1': 0.803505608974359, 'top5': 0.940645032051282}
[2022-01-19 10:00:30,488] [RandAugment] [INFO] [valid 146/200] {}
[2022-01-19 10:00:36,379] [RandAugment] [INFO] [*test 146/200] {'loss': 0.20191976532936096, 'top1': 0.9344, 'top5': 0.9987}
[2022-01-19 10:01:55,829] [RandAugment] [INFO] [train 147/200] {'loss': 0.5320333567185279, 'top1': 0.8077524038461539, 'top5': 0.9405248397435897}
[2022-01-19 10:01:56,593] [RandAugment] [INFO] [valid 147/200] {}
[2022-01-19 10:02:02,472] [RandAugment] [INFO] [*test 147/200] {'loss': 0.18683192024230957, 'top1': 0.9403, 'top5': 0.9988}
[2022-01-19 10:03:21,785] [RandAugment] [INFO] [train 148/200] {'loss': 0.529688951296684, 'top1': 0.8094751602564103, 'top5': 0.9409054487179487}
[2022-01-19 10:03:22,595] [RandAugment] [INFO] [valid 148/200] {}
[2022-01-19 10:03:28,482] [RandAugment] [INFO] [*test 148/200] {'loss': 0.17944388656616211, 'top1': 0.9429, 'top5': 0.9986}
[2022-01-19 10:04:47,843] [RandAugment] [INFO] [train 149/200] {'loss': 0.5232230994181756, 'top1': 0.8107572115384616, 'top5': 0.9421474358974359}
[2022-01-19 10:04:48,611] [RandAugment] [INFO] [valid 149/200] {}
[2022-01-19 10:04:54,501] [RandAugment] [INFO] [*test 149/200] {'loss': 0.18176161860227585, 'top1': 0.9421, 'top5': 0.9981}
[2022-01-19 10:06:13,896] [RandAugment] [INFO] [train 150/200] {'loss': 0.5209285638271234, 'top1': 0.8109975961538461, 'top5': 0.942207532051282}
[2022-01-19 10:06:14,686] [RandAugment] [INFO] [valid 150/200] {}
[2022-01-19 10:06:20,598] [RandAugment] [INFO] [*test 150/200] {'loss': 0.17815376300811767, 'top1': 0.9432, 'top5': 0.999}
[2022-01-19 10:07:39,969] [RandAugment] [INFO] [train 151/200] {'loss': 0.516870334973702, 'top1': 0.813261217948718, 'top5': 0.9424679487179487}
[2022-01-19 10:07:40,757] [RandAugment] [INFO] [valid 151/200] {}
[2022-01-19 10:07:46,677] [RandAugment] [INFO] [*test 151/200] {'loss': 0.1778400845527649, 'top1': 0.9431, 'top5': 0.9983}
[2022-01-19 10:09:05,983] [RandAugment] [INFO] [train 152/200] {'loss': 0.5104583054016798, 'top1': 0.8149439102564102, 'top5': 0.9412660256410257}
[2022-01-19 10:09:06,786] [RandAugment] [INFO] [valid 152/200] {}
[2022-01-19 10:09:12,674] [RandAugment] [INFO] [*test 152/200] {'loss': 0.18183178300857544, 'top1': 0.9388, 'top5': 0.9989}
[2022-01-19 10:10:32,062] [RandAugment] [INFO] [train 153/200] {'loss': 0.5046517819930345, 'top1': 0.8157852564102565, 'top5': 0.9409254807692308}
[2022-01-19 10:10:32,841] [RandAugment] [INFO] [valid 153/200] {}
[2022-01-19 10:10:38,766] [RandAugment] [INFO] [*test 153/200] {'loss': 0.16541156562566758, 'top1': 0.9465, 'top5': 0.9984}
[2022-01-19 10:10:38,767] [RandAugment] [INFO] save model@153 to wresnet_cifar10_new_search2_bs1.pth
[2022-01-19 10:12:00,442] [RandAugment] [INFO] [train 154/200] {'loss': 0.500990227323312, 'top1': 0.8180889423076924, 'top5': 0.9454126602564102}
[2022-01-19 10:12:01,235] [RandAugment] [INFO] [valid 154/200] {}
[2022-01-19 10:12:07,108] [RandAugment] [INFO] [*test 154/200] {'loss': 0.1820761522769928, 'top1': 0.9412, 'top5': 0.999}
[2022-01-19 10:13:26,452] [RandAugment] [INFO] [train 155/200] {'loss': 0.4993515049035733, 'top1': 0.8189302884615385, 'top5': 0.9432091346153846}
[2022-01-19 10:13:27,251] [RandAugment] [INFO] [valid 155/200] {}
[2022-01-19 10:13:33,177] [RandAugment] [INFO] [*test 155/200] {'loss': 0.1880538881778717, 'top1': 0.9411, 'top5': 0.9989}
[2022-01-19 10:14:52,496] [RandAugment] [INFO] [train 156/200] {'loss': 0.4862542926501005, 'top1': 0.8223157051282052, 'top5': 0.9435296474358974}
[2022-01-19 10:14:53,295] [RandAugment] [INFO] [valid 156/200] {}
[2022-01-19 10:14:59,179] [RandAugment] [INFO] [*test 156/200] {'loss': 0.15811180922091006, 'top1': 0.9489, 'top5': 0.9987}
[2022-01-19 10:14:59,180] [RandAugment] [INFO] save model@156 to wresnet_cifar10_new_search2_bs1.pth
[2022-01-19 10:16:20,771] [RandAugment] [INFO] [train 157/200] {'loss': 0.4911719791400127, 'top1': 0.8215745192307692, 'top5': 0.9424078525641025}
[2022-01-19 10:16:21,552] [RandAugment] [INFO] [valid 157/200] {}
[2022-01-19 10:16:27,492] [RandAugment] [INFO] [*test 157/200] {'loss': 0.1604520101070404, 'top1': 0.9478, 'top5': 0.9994}
[2022-01-19 10:17:46,928] [RandAugment] [INFO] [train 158/200] {'loss': 0.48988568293742646, 'top1': 0.8220152243589743, 'top5': 0.9451121794871795}
[2022-01-19 10:17:47,727] [RandAugment] [INFO] [valid 158/200] {}
[2022-01-19 10:17:53,759] [RandAugment] [INFO] [*test 158/200] {'loss': 0.14704762741327285, 'top1': 0.9513, 'top5': 0.9993}
[2022-01-19 10:17:53,760] [RandAugment] [INFO] save model@158 to wresnet_cifar10_new_search2_bs1.pth
[2022-01-19 10:19:15,547] [RandAugment] [INFO] [train 159/200] {'loss': 0.4824359321441406, 'top1': 0.8248397435897435, 'top5': 0.9449519230769231}
[2022-01-19 10:19:16,384] [RandAugment] [INFO] [valid 159/200] {}
[2022-01-19 10:19:22,400] [RandAugment] [INFO] [*test 159/200] {'loss': 0.15739821810722351, 'top1': 0.9512, 'top5': 0.9992}
[2022-01-19 10:20:41,856] [RandAugment] [INFO] [train 160/200] {'loss': 0.47743181739097984, 'top1': 0.8271634615384615, 'top5': 0.9450320512820513}
[2022-01-19 10:20:42,682] [RandAugment] [INFO] [valid 160/200] {}
[2022-01-19 10:20:48,668] [RandAugment] [INFO] [*test 160/200] {'loss': 0.1442583325147629, 'top1': 0.9533, 'top5': 0.9989}
[2022-01-19 10:20:48,669] [RandAugment] [INFO] save model@160 to wresnet_cifar10_new_search2_bs1.pth
[2022-01-19 10:22:10,367] [RandAugment] [INFO] [train 161/200] {'loss': 0.47406879441860394, 'top1': 0.8272836538461539, 'top5': 0.9445713141025641}
[2022-01-19 10:22:11,164] [RandAugment] [INFO] [valid 161/200] {}
[2022-01-19 10:22:17,091] [RandAugment] [INFO] [*test 161/200] {'loss': 0.14403981235027313, 'top1': 0.9525, 'top5': 0.999}
[2022-01-19 10:23:36,623] [RandAugment] [INFO] [train 162/200] {'loss': 0.47398225298294655, 'top1': 0.8268429487179487, 'top5': 0.9430288461538462}
[2022-01-19 10:23:37,456] [RandAugment] [INFO] [valid 162/200] {}
[2022-01-19 10:23:43,480] [RandAugment] [INFO] [*test 162/200] {'loss': 0.14859099239110946, 'top1': 0.9548, 'top5': 0.9991}
[2022-01-19 10:23:43,482] [RandAugment] [INFO] save model@162 to wresnet_cifar10_new_search2_bs1.pth
[2022-01-19 10:25:05,286] [RandAugment] [INFO] [train 163/200] {'loss': 0.45915039900021676, 'top1': 0.8345352564102564, 'top5': 0.9457131410256411}
[2022-01-19 10:25:06,131] [RandAugment] [INFO] [valid 163/200] {}
[2022-01-19 10:25:12,170] [RandAugment] [INFO] [*test 163/200] {'loss': 0.14795815839767457, 'top1': 0.9536, 'top5': 0.9993}
[2022-01-19 10:26:31,694] [RandAugment] [INFO] [train 164/200] {'loss': 0.45189152841384594, 'top1': 0.8365785256410256, 'top5': 0.9467748397435898}
[2022-01-19 10:26:32,466] [RandAugment] [INFO] [valid 164/200] {}
[2022-01-19 10:26:38,334] [RandAugment] [INFO] [*test 164/200] {'loss': 0.14851672339439392, 'top1': 0.9523, 'top5': 0.9989}
[2022-01-19 10:27:57,731] [RandAugment] [INFO] [train 165/200] {'loss': 0.44834619080409027, 'top1': 0.8370592948717949, 'top5': 0.9454927884615385}
[2022-01-19 10:27:58,534] [RandAugment] [INFO] [valid 165/200] {}
[2022-01-19 10:28:04,486] [RandAugment] [INFO] [*test 165/200] {'loss': 0.14687088543176652, 'top1': 0.9546, 'top5': 0.9995}
[2022-01-19 10:29:23,774] [RandAugment] [INFO] [train 166/200] {'loss': 0.4531026147879087, 'top1': 0.8357972756410257, 'top5': 0.9439302884615385}
[2022-01-19 10:29:24,543] [RandAugment] [INFO] [valid 166/200] {}
[2022-01-19 10:29:30,407] [RandAugment] [INFO] [*test 166/200] {'loss': 0.13213939461708069, 'top1': 0.9589, 'top5': 0.9993}
[2022-01-19 10:29:30,408] [RandAugment] [INFO] save model@166 to wresnet_cifar10_new_search2_bs1.pth
[2022-01-19 10:30:51,992] [RandAugment] [INFO] [train 167/200] {'loss': 0.44365399281183876, 'top1': 0.8391626602564103, 'top5': 0.9474759615384616}
[2022-01-19 10:30:52,741] [RandAugment] [INFO] [valid 167/200] {}
[2022-01-19 10:30:58,675] [RandAugment] [INFO] [*test 167/200] {'loss': 0.12354283636808396, 'top1': 0.9597, 'top5': 0.9995}
[2022-01-19 10:30:58,677] [RandAugment] [INFO] save model@167 to wresnet_cifar10_new_search2_bs1.pth
[2022-01-19 10:32:20,315] [RandAugment] [INFO] [train 168/200] {'loss': 0.44030256951466584, 'top1': 0.8399238782051283, 'top5': 0.9465144230769231}
[2022-01-19 10:32:21,109] [RandAugment] [INFO] [valid 168/200] {}
[2022-01-19 10:32:27,009] [RandAugment] [INFO] [*test 168/200] {'loss': 0.13112216746807098, 'top1': 0.9587, 'top5': 0.9993}
[2022-01-19 10:33:46,333] [RandAugment] [INFO] [train 169/200] {'loss': 0.4351364808586928, 'top1': 0.841366185897436, 'top5': 0.9469751602564103}
[2022-01-19 10:33:47,110] [RandAugment] [INFO] [valid 169/200] {}
[2022-01-19 10:33:53,011] [RandAugment] [INFO] [*test 169/200] {'loss': 0.1296675691306591, 'top1': 0.9589, 'top5': 0.9993}
[2022-01-19 10:35:12,461] [RandAugment] [INFO] [train 170/200] {'loss': 0.43985819010398325, 'top1': 0.8389022435897436, 'top5': 0.9448317307692308}
[2022-01-19 10:35:13,250] [RandAugment] [INFO] [valid 170/200] {}
[2022-01-19 10:35:19,148] [RandAugment] [INFO] [*test 170/200] {'loss': 0.12687369816303254, 'top1': 0.961, 'top5': 0.9988}
[2022-01-19 10:35:19,149] [RandAugment] [INFO] save model@170 to wresnet_cifar10_new_search2_bs1.pth
[2022-01-19 10:36:40,750] [RandAugment] [INFO] [train 171/200] {'loss': 0.42067052278763206, 'top1': 0.8468349358974359, 'top5': 0.9480168269230769}
[2022-01-19 10:36:41,518] [RandAugment] [INFO] [valid 171/200] {}
[2022-01-19 10:36:47,580] [RandAugment] [INFO] [*test 171/200] {'loss': 0.12286812453269959, 'top1': 0.9626, 'top5': 0.9994}
[2022-01-19 10:36:47,581] [RandAugment] [INFO] save model@171 to wresnet_cifar10_new_search2_bs1.pth
[2022-01-19 10:38:09,229] [RandAugment] [INFO] [train 172/200] {'loss': 0.41892071733107933, 'top1': 0.8474358974358974, 'top5': 0.9485176282051282}
[2022-01-19 10:38:10,017] [RandAugment] [INFO] [valid 172/200] {}
[2022-01-19 10:38:15,893] [RandAugment] [INFO] [*test 172/200] {'loss': 0.1257757647037506, 'top1': 0.9622, 'top5': 0.9993}
[2022-01-19 10:39:35,067] [RandAugment] [INFO] [train 173/200] {'loss': 0.42054933305734243, 'top1': 0.846474358974359, 'top5': 0.9468149038461539}
[2022-01-19 10:39:35,850] [RandAugment] [INFO] [valid 173/200] {}
[2022-01-19 10:39:41,746] [RandAugment] [INFO] [*test 173/200] {'loss': 0.11620319684147835, 'top1': 0.9644, 'top5': 0.9998}
[2022-01-19 10:39:41,747] [RandAugment] [INFO] save model@173 to wresnet_cifar10_new_search2_bs1.pth
[2022-01-19 10:41:03,321] [RandAugment] [INFO] [train 174/200] {'loss': 0.4157039225101471, 'top1': 0.8487580128205128, 'top5': 0.9469951923076924}
[2022-01-19 10:41:04,102] [RandAugment] [INFO] [valid 174/200] {}
[2022-01-19 10:41:09,949] [RandAugment] [INFO] [*test 174/200] {'loss': 0.11962488741874695, 'top1': 0.9618, 'top5': 0.9994}
[2022-01-19 10:42:29,266] [RandAugment] [INFO] [train 175/200] {'loss': 0.4147391206560991, 'top1': 0.8487379807692308, 'top5': 0.9481570512820513}
[2022-01-19 10:42:30,047] [RandAugment] [INFO] [valid 175/200] {}
[2022-01-19 10:42:35,924] [RandAugment] [INFO] [*test 175/200] {'loss': 0.11629244202375412, 'top1': 0.9624, 'top5': 0.9994}
[2022-01-19 10:43:55,101] [RandAugment] [INFO] [train 176/200] {'loss': 0.41004097901093656, 'top1': 0.8503405448717949, 'top5': 0.9486378205128205}
[2022-01-19 10:43:55,879] [RandAugment] [INFO] [valid 176/200] {}
[2022-01-19 10:44:01,734] [RandAugment] [INFO] [*test 176/200] {'loss': 0.11056861658096313, 'top1': 0.9648, 'top5': 0.9995}
[2022-01-19 10:44:01,735] [RandAugment] [INFO] save model@176 to wresnet_cifar10_new_search2_bs1.pth
[2022-01-19 10:45:23,257] [RandAugment] [INFO] [train 177/200] {'loss': 0.405434311964573, 'top1': 0.8538461538461538, 'top5': 0.9489783653846153}
[2022-01-19 10:45:24,032] [RandAugment] [INFO] [valid 177/200] {}
[2022-01-19 10:45:29,922] [RandAugment] [INFO] [*test 177/200] {'loss': 0.10975328433513641, 'top1': 0.9653, 'top5': 0.9995}
[2022-01-19 10:45:29,923] [RandAugment] [INFO] save model@177 to wresnet_cifar10_new_search2_bs1.pth
[2022-01-19 10:46:51,373] [RandAugment] [INFO] [train 178/200] {'loss': 0.39695255026603354, 'top1': 0.85625, 'top5': 0.9500400641025641}
[2022-01-19 10:46:52,178] [RandAugment] [INFO] [valid 178/200] {}
[2022-01-19 10:46:58,062] [RandAugment] [INFO] [*test 178/200] {'loss': 0.10814591758251191, 'top1': 0.9646, 'top5': 0.9996}
[2022-01-19 10:48:17,339] [RandAugment] [INFO] [train 179/200] {'loss': 0.40611794350238944, 'top1': 0.8518028846153847, 'top5': 0.947696314102564}
[2022-01-19 10:48:18,127] [RandAugment] [INFO] [valid 179/200] {}
[2022-01-19 10:48:24,009] [RandAugment] [INFO] [*test 179/200] {'loss': 0.10626133732795716, 'top1': 0.9669, 'top5': 0.9993}
[2022-01-19 10:48:24,010] [RandAugment] [INFO] save model@179 to wresnet_cifar10_new_search2_bs1.pth
[2022-01-19 10:49:45,461] [RandAugment] [INFO] [train 180/200] {'loss': 0.39988456693215246, 'top1': 0.8540064102564102, 'top5': 0.9481370192307692}
[2022-01-19 10:49:46,261] [RandAugment] [INFO] [valid 180/200] {}
[2022-01-19 10:49:52,120] [RandAugment] [INFO] [*test 180/200] {'loss': 0.11151577385663987, 'top1': 0.9654, 'top5': 0.9995}
[2022-01-19 10:51:11,401] [RandAugment] [INFO] [train 181/200] {'loss': 0.3974633316198985, 'top1': 0.8537860576923076, 'top5': 0.9474158653846154}
[2022-01-19 10:51:12,174] [RandAugment] [INFO] [valid 181/200] {}
[2022-01-19 10:51:18,051] [RandAugment] [INFO] [*test 181/200] {'loss': 0.10769758417606354, 'top1': 0.9666, 'top5': 0.9994}
[2022-01-19 10:52:37,415] [RandAugment] [INFO] [train 182/200] {'loss': 0.39436573615440956, 'top1': 0.8555889423076923, 'top5': 0.9473557692307693}
[2022-01-19 10:52:38,195] [RandAugment] [INFO] [valid 182/200] {}
[2022-01-19 10:52:44,065] [RandAugment] [INFO] [*test 182/200] {'loss': 0.10632260943651199, 'top1': 0.966, 'top5': 0.9995}
[2022-01-19 10:54:03,335] [RandAugment] [INFO] [train 183/200] {'loss': 0.38668540314986155, 'top1': 0.8589342948717948, 'top5': 0.9502003205128206}
[2022-01-19 10:54:04,124] [RandAugment] [INFO] [valid 183/200] {}
[2022-01-19 10:54:10,024] [RandAugment] [INFO] [*test 183/200] {'loss': 0.10462005902528763, 'top1': 0.9657, 'top5': 0.9993}
[2022-01-19 10:55:29,244] [RandAugment] [INFO] [train 184/200] {'loss': 0.38553316497649903, 'top1': 0.8592347756410257, 'top5': 0.9497195512820513}
[2022-01-19 10:55:30,002] [RandAugment] [INFO] [valid 184/200] {}
[2022-01-19 10:55:35,884] [RandAugment] [INFO] [*test 184/200] {'loss': 0.10479399015903473, 'top1': 0.9678, 'top5': 0.9992}
[2022-01-19 10:55:35,885] [RandAugment] [INFO] save model@184 to wresnet_cifar10_new_search2_bs1.pth
[2022-01-19 10:56:57,354] [RandAugment] [INFO] [train 185/200] {'loss': 0.38553376748011664, 'top1': 0.8603966346153846, 'top5': 0.9506810897435898}
[2022-01-19 10:56:58,143] [RandAugment] [INFO] [valid 185/200] {}
[2022-01-19 10:57:04,018] [RandAugment] [INFO] [*test 185/200] {'loss': 0.10290767447650433, 'top1': 0.9681, 'top5': 0.9996}
[2022-01-19 10:57:04,019] [RandAugment] [INFO] save model@185 to wresnet_cifar10_new_search2_bs1.pth
[2022-01-19 10:58:25,555] [RandAugment] [INFO] [train 186/200] {'loss': 0.3850170448804513, 'top1': 0.8585136217948718, 'top5': 0.9494791666666667}
[2022-01-19 10:58:26,352] [RandAugment] [INFO] [valid 186/200] {}
[2022-01-19 10:58:32,256] [RandAugment] [INFO] [*test 186/200] {'loss': 0.1042148533642292, 'top1': 0.9666, 'top5': 0.9994}
[2022-01-19 10:59:51,590] [RandAugment] [INFO] [train 187/200] {'loss': 0.37918121275993494, 'top1': 0.8618589743589744, 'top5': 0.9513421474358974}
[2022-01-19 10:59:52,378] [RandAugment] [INFO] [valid 187/200] {}
[2022-01-19 10:59:58,269] [RandAugment] [INFO] [*test 187/200] {'loss': 0.09812559865713119, 'top1': 0.9678, 'top5': 0.9994}
[2022-01-19 11:01:17,479] [RandAugment] [INFO] [train 188/200] {'loss': 0.3798545798812157, 'top1': 0.8611177884615384, 'top5': 0.9493990384615385}
[2022-01-19 11:01:18,243] [RandAugment] [INFO] [valid 188/200] {}
[2022-01-19 11:01:24,155] [RandAugment] [INFO] [*test 188/200] {'loss': 0.09932818432450294, 'top1': 0.969, 'top5': 0.9995}
[2022-01-19 11:01:24,157] [RandAugment] [INFO] save model@188 to wresnet_cifar10_new_search2_bs1.pth
[2022-01-19 11:02:45,631] [RandAugment] [INFO] [train 189/200] {'loss': 0.377348852959963, 'top1': 0.8619190705128205, 'top5': 0.9496594551282052}
[2022-01-19 11:02:46,429] [RandAugment] [INFO] [valid 189/200] {}
[2022-01-19 11:02:52,373] [RandAugment] [INFO] [*test 189/200] {'loss': 0.09465566094368696, 'top1': 0.9695, 'top5': 0.9993}
[2022-01-19 11:02:52,375] [RandAugment] [INFO] save model@189 to wresnet_cifar10_new_search2_bs1.pth
[2022-01-19 11:04:14,005] [RandAugment] [INFO] [train 190/200] {'loss': 0.377019810791199, 'top1': 0.8616185897435897, 'top5': 0.9494791666666667}
[2022-01-19 11:04:14,785] [RandAugment] [INFO] [valid 190/200] {}
[2022-01-19 11:04:20,685] [RandAugment] [INFO] [*test 190/200] {'loss': 0.09544912397265434, 'top1': 0.9697, 'top5': 0.9995}
[2022-01-19 11:04:20,686] [RandAugment] [INFO] save model@190 to wresnet_cifar10_new_search2_bs1.pth
[2022-01-19 11:05:42,286] [RandAugment] [INFO] [train 191/200] {'loss': 0.37163122628743833, 'top1': 0.8637219551282052, 'top5': 0.9498998397435897}
[2022-01-19 11:05:43,074] [RandAugment] [INFO] [valid 191/200] {}
[2022-01-19 11:05:48,955] [RandAugment] [INFO] [*test 191/200] {'loss': 0.09414329151511193, 'top1': 0.9696, 'top5': 0.9996}
[2022-01-19 11:07:08,231] [RandAugment] [INFO] [train 192/200] {'loss': 0.38051096128347595, 'top1': 0.8592548076923077, 'top5': 0.9496794871794871}
[2022-01-19 11:07:09,016] [RandAugment] [INFO] [valid 192/200] {}
[2022-01-19 11:07:14,886] [RandAugment] [INFO] [*test 192/200] {'loss': 0.0967372673690319, 'top1': 0.9702, 'top5': 0.9996}
[2022-01-19 11:07:14,887] [RandAugment] [INFO] save model@192 to wresnet_cifar10_new_search2_bs1.pth
[2022-01-19 11:08:36,371] [RandAugment] [INFO] [train 193/200] {'loss': 0.3778541813294093, 'top1': 0.8621594551282051, 'top5': 0.9497195512820513}
[2022-01-19 11:08:37,141] [RandAugment] [INFO] [valid 193/200] {}
[2022-01-19 11:08:43,009] [RandAugment] [INFO] [*test 193/200] {'loss': 0.09510630915164947, 'top1': 0.9701, 'top5': 0.9996}
[2022-01-19 11:10:02,253] [RandAugment] [INFO] [train 194/200] {'loss': 0.3739888567572985, 'top1': 0.8618389423076923, 'top5': 0.9493990384615385}
[2022-01-19 11:10:03,046] [RandAugment] [INFO] [valid 194/200] {}
[2022-01-19 11:10:08,941] [RandAugment] [INFO] [*test 194/200] {'loss': 0.09471152207553386, 'top1': 0.9711, 'top5': 0.9996}
[2022-01-19 11:10:08,942] [RandAugment] [INFO] save model@194 to wresnet_cifar10_new_search2_bs1.pth
[2022-01-19 11:11:30,362] [RandAugment] [INFO] [train 195/200] {'loss': 0.3760960836441089, 'top1': 0.8611578525641026, 'top5': 0.9497395833333333}
[2022-01-19 11:11:31,128] [RandAugment] [INFO] [valid 195/200] {}
[2022-01-19 11:11:36,999] [RandAugment] [INFO] [*test 195/200] {'loss': 0.09359721607267857, 'top1': 0.9706, 'top5': 0.9996}
[2022-01-19 11:12:56,290] [RandAugment] [INFO] [train 196/200] {'loss': 0.3761861807260758, 'top1': 0.8619190705128205, 'top5': 0.9504407051282051}
[2022-01-19 11:12:57,068] [RandAugment] [INFO] [valid 196/200] {}
[2022-01-19 11:13:02,943] [RandAugment] [INFO] [*test 196/200] {'loss': 0.09288222765624524, 'top1': 0.9713, 'top5': 0.9997}
[2022-01-19 11:13:02,944] [RandAugment] [INFO] save model@196 to wresnet_cifar10_new_search2_bs1.pth
[2022-01-19 11:14:24,436] [RandAugment] [INFO] [train 197/200] {'loss': 0.37323669160787876, 'top1': 0.8631610576923077, 'top5': 0.94921875}
[2022-01-19 11:14:25,206] [RandAugment] [INFO] [valid 197/200] {}
[2022-01-19 11:14:31,075] [RandAugment] [INFO] [*test 197/200] {'loss': 0.09282123437821865, 'top1': 0.9715, 'top5': 0.9996}
[2022-01-19 11:14:31,076] [RandAugment] [INFO] save model@197 to wresnet_cifar10_new_search2_bs1.pth
[2022-01-19 11:15:52,510] [RandAugment] [INFO] [train 198/200] {'loss': 0.37591328059251494, 'top1': 0.860556891025641, 'top5': 0.9499198717948718}
[2022-01-19 11:15:53,274] [RandAugment] [INFO] [valid 198/200] {}
[2022-01-19 11:15:59,137] [RandAugment] [INFO] [*test 198/200] {'loss': 0.09261796731948853, 'top1': 0.9713, 'top5': 0.9997}
[2022-01-19 11:17:18,428] [RandAugment] [INFO] [train 199/200] {'loss': 0.37935500420056856, 'top1': 0.8603165064102564, 'top5': 0.9494591346153847}
[2022-01-19 11:17:19,238] [RandAugment] [INFO] [valid 199/200] {}
[2022-01-19 11:17:25,179] [RandAugment] [INFO] [*test 199/200] {'loss': 0.09274840304553508, 'top1': 0.9717, 'top5': 0.9996}
[2022-01-19 11:17:25,180] [RandAugment] [INFO] save model@199 to wresnet_cifar10_new_search2_bs1.pth
[2022-01-19 11:18:46,716] [RandAugment] [INFO] [train 200/200] {'loss': 0.3736639391917449, 'top1': 0.8635416666666667, 'top5': 0.9500801282051282}
[2022-01-19 11:18:47,523] [RandAugment] [INFO] [valid 200/200] {}
[2022-01-19 11:18:53,450] [RandAugment] [INFO] [*test 200/200] {'loss': 0.09266173069477081, 'top1': 0.9719, 'top5': 0.9995}
[2022-01-19 11:18:53,452] [RandAugment] [INFO] save model@200 to wresnet_cifar10_new_search2_bs1.pth
[2022-01-19 11:18:55,724] [RandAugment] [INFO] done.
[2022-01-19 11:18:55,724] [RandAugment] [INFO] model: {'type': 'wresnet28_10'}
[2022-01-19 11:18:55,724] [RandAugment] [INFO] augmentation: rwaug_t
[2022-01-19 11:18:55,724] [RandAugment] [INFO] 
{
    "loss_train": 0.3736639391917449,
    "loss_valid": 0.0,
    "loss_test": 0.09266173069477081,
    "top1_train": 0.8635416666666667,
    "top1_valid": 0.0,
    "top1_test": 0.9719,
    "top5_train": 0.9500801282051282,
    "top5_valid": 0.0,
    "top5_test": 0.9995,
    "epoch": 200
}
[2022-01-19 11:18:55,725] [RandAugment] [INFO] elapsed time: 4.907 Hours
[2022-01-19 11:18:55,725] [RandAugment] [INFO] top1 error in testset: 0.0281
[2022-01-19 11:18:55,725] [RandAugment] [INFO] wresnet_cifar10_new_search2_bs1.pth
